\BOOKMARK [0][-]{chapter.1}{\376\377\0001\000\040\000I\000n\000t\000r\000o\000d\000u\000c\000t\000i\000o\000n}{}% 1
\BOOKMARK [1][-]{section.1.1}{\376\377\0001\000.\0001\000\040\000S\000e\000q\000u\000e\000n\000t\000i\000a\000l\000\040\000d\000e\000c\000i\000s\000i\000o\000n\000\040\000m\000a\000k\000i\000n\000g}{chapter.1}% 2
\BOOKMARK [2][-]{subsection.1.1.1}{\376\377\0001\000.\0001\000.\0001\000\040\000P\000r\000o\000b\000l\000e\000m\000\040\000d\000e\000f\000i\000n\000i\000t\000i\000o\000n}{section.1.1}% 3
\BOOKMARK [2][-]{subsection.1.1.2}{\376\377\0001\000.\0001\000.\0002\000\040\000U\000n\000i\000v\000e\000r\000s\000a\000l\000\040\000m\000o\000d\000e\000l}{section.1.1}% 4
\BOOKMARK [2][-]{subsection.1.1.3}{\376\377\0001\000.\0001\000.\0003\000\040\000E\000p\000i\000s\000o\000d\000i\000c\000\040\000v\000s\000\040\000c\000o\000n\000t\000i\000n\000u\000i\000n\000g\000\040\000t\000a\000s\000k\000s}{section.1.1}% 5
\BOOKMARK [2][-]{subsection.1.1.4}{\376\377\0001\000.\0001\000.\0004\000\040\000R\000e\000g\000r\000e\000t}{section.1.1}% 6
\BOOKMARK [2][-]{subsection.1.1.5}{\376\377\0001\000.\0001\000.\0005\000\040\000F\000u\000r\000t\000h\000e\000r\000\040\000r\000e\000a\000d\000i\000n\000g}{section.1.1}% 7
\BOOKMARK [1][-]{section.1.2}{\376\377\0001\000.\0002\000\040\000C\000a\000n\000o\000n\000i\000c\000a\000l\000\040\000e\000x\000a\000m\000p\000l\000e\000s}{chapter.1}% 8
\BOOKMARK [2][-]{subsection.1.2.1}{\376\377\0001\000.\0002\000.\0001\000\040\000P\000a\000r\000t\000i\000a\000l\000l\000y\000\040\000o\000b\000s\000e\000r\000v\000e\000d\000\040\000M\000D\000P\000s}{section.1.2}% 9
\BOOKMARK [2][-]{subsection.1.2.2}{\376\377\0001\000.\0002\000.\0002\000\040\000M\000a\000r\000k\000o\000v\000\040\000d\000e\000c\000i\000s\000i\000o\000n\000\040\000p\000r\000o\000c\000e\000s\000s\000\040\000\050\000M\000D\000P\000s\000\051}{section.1.2}% 10
\BOOKMARK [2][-]{subsection.1.2.3}{\376\377\0001\000.\0002\000.\0003\000\040\000C\000o\000n\000t\000e\000x\000t\000u\000a\000l\000\040\000M\000D\000P\000s}{section.1.2}% 11
\BOOKMARK [2][-]{subsection.1.2.4}{\376\377\0001\000.\0002\000.\0004\000\040\000C\000o\000n\000t\000e\000x\000t\000u\000a\000l\000\040\000b\000a\000n\000d\000i\000t\000s}{section.1.2}% 12
\BOOKMARK [2][-]{subsection.1.2.5}{\376\377\0001\000.\0002\000.\0005\000\040\000B\000e\000l\000i\000e\000f\000\040\000s\000t\000a\000t\000e\000\040\000M\000D\000P\000s}{section.1.2}% 13
\BOOKMARK [2][-]{subsection.1.2.6}{\376\377\0001\000.\0002\000.\0006\000\040\000O\000p\000t\000i\000m\000i\000z\000a\000t\000i\000o\000n\000\040\000p\000r\000o\000b\000l\000e\000m\000s}{section.1.2}% 14
\BOOKMARK [3][-]{subsubsection.1.2.6.1}{\376\377\0001\000.\0002\000.\0006\000.\0001\000\040\000B\000e\000s\000t\000-\000a\000r\000m\000\040\000i\000d\000e\000n\000t\000i\000f\000i\000c\000a\000t\000i\000o\000n}{subsection.1.2.6}% 15
\BOOKMARK [3][-]{subsubsection.1.2.6.2}{\376\377\0001\000.\0002\000.\0006\000.\0002\000\040\000B\000a\000y\000e\000s\000i\000a\000n\000\040\000o\000p\000t\000i\000m\000i\000z\000a\000t\000i\000o\000n}{subsection.1.2.6}% 16
\BOOKMARK [3][-]{subsubsection.1.2.6.3}{\376\377\0001\000.\0002\000.\0006\000.\0003\000\040\000A\000c\000t\000i\000v\000e\000\040\000l\000e\000a\000r\000n\000i\000n\000g}{subsection.1.2.6}% 17
\BOOKMARK [3][-]{subsubsection.1.2.6.4}{\376\377\0001\000.\0002\000.\0006\000.\0004\000\040\000S\000t\000o\000c\000h\000a\000s\000t\000i\000c\000\040\000G\000r\000a\000d\000i\000e\000n\000t\000\040\000D\000e\000s\000c\000e\000n\000t\000\040\000\050\000S\000G\000D\000\051}{subsection.1.2.6}% 18
\BOOKMARK [1][-]{section.1.3}{\376\377\0001\000.\0003\000\040\000R\000e\000i\000n\000f\000o\000r\000c\000e\000m\000e\000n\000t\000\040\000L\000e\000a\000r\000n\000i\000n\000g}{chapter.1}% 19
\BOOKMARK [2][-]{subsection.1.3.1}{\376\377\0001\000.\0003\000.\0001\000\040\000V\000a\000l\000u\000e\000-\000b\000a\000s\000e\000d\000\040\000R\000L\000\040\000\050\000A\000p\000p\000r\000o\000x\000i\000m\000a\000t\000e\000\040\000D\000y\000n\000a\000m\000i\000c\000\040\000P\000r\000o\000g\000r\000a\000m\000m\000i\000n\000g\000\051}{section.1.3}% 20
\BOOKMARK [2][-]{subsection.1.3.2}{\376\377\0001\000.\0003\000.\0002\000\040\000P\000o\000l\000i\000c\000y\000-\000b\000a\000s\000e\000d\000\040\000R\000L}{section.1.3}% 21
\BOOKMARK [2][-]{subsection.1.3.3}{\376\377\0001\000.\0003\000.\0003\000\040\000M\000o\000d\000e\000l\000-\000b\000a\000s\000e\000d\000\040\000R\000L}{section.1.3}% 22
\BOOKMARK [2][-]{subsection.1.3.4}{\376\377\0001\000.\0003\000.\0004\000\040\000D\000e\000a\000l\000i\000n\000g\000\040\000w\000i\000t\000h\000\040\000p\000a\000r\000t\000i\000a\000l\000\040\000o\000b\000s\000e\000r\000v\000a\000b\000i\000l\000i\000t\000y}{section.1.3}% 23
\BOOKMARK [3][-]{subsubsection.1.3.4.1}{\376\377\0001\000.\0003\000.\0004\000.\0001\000\040\000O\000p\000t\000i\000m\000a\000l\000\040\000s\000o\000l\000u\000t\000i\000o\000n}{subsection.1.3.4}% 24
\BOOKMARK [3][-]{subsubsection.1.3.4.2}{\376\377\0001\000.\0003\000.\0004\000.\0002\000\040\000F\000i\000n\000i\000t\000e\000\040\000o\000b\000s\000e\000r\000v\000a\000t\000i\000o\000n\000\040\000h\000i\000s\000t\000o\000r\000y}{subsection.1.3.4}% 25
\BOOKMARK [3][-]{subsubsection.1.3.4.3}{\376\377\0001\000.\0003\000.\0004\000.\0003\000\040\000S\000t\000a\000t\000e\000f\000u\000l\000\040\000\050\000r\000e\000c\000u\000r\000r\000e\000n\000t\000\051\000\040\000p\000o\000l\000i\000c\000i\000e\000s}{subsection.1.3.4}% 26
\BOOKMARK [2][-]{subsection.1.3.5}{\376\377\0001\000.\0003\000.\0005\000\040\000S\000o\000f\000t\000w\000a\000r\000e}{section.1.3}% 27
\BOOKMARK [1][-]{section.1.4}{\376\377\0001\000.\0004\000\040\000E\000x\000p\000l\000o\000r\000a\000t\000i\000o\000n\000-\000e\000x\000p\000l\000o\000i\000t\000a\000t\000i\000o\000n\000\040\000t\000r\000a\000d\000e\000o\000f\000f}{chapter.1}% 28
\BOOKMARK [2][-]{subsection.1.4.1}{\376\377\0001\000.\0004\000.\0001\000\040\000S\000i\000m\000p\000l\000e\000\040\000h\000e\000u\000r\000i\000s\000t\000i\000c\000s}{section.1.4}% 29
\BOOKMARK [2][-]{subsection.1.4.2}{\376\377\0001\000.\0004\000.\0002\000\040\000M\000e\000t\000h\000o\000d\000s\000\040\000b\000a\000s\000e\000d\000\040\000o\000n\000\040\000t\000h\000e\000\040\000b\000e\000l\000i\000e\000f\000\040\000s\000t\000a\000t\000e\000\040\000M\000D\000P}{section.1.4}% 30
\BOOKMARK [3][-]{subsubsection.1.4.2.1}{\376\377\0001\000.\0004\000.\0002\000.\0001\000\040\000B\000a\000n\000d\000i\000t\000\040\000c\000a\000s\000e\000\040\000\050\000G\000i\000t\000t\000i\000n\000s\000\040\000i\000n\000d\000i\000c\000e\000s\000\051}{subsection.1.4.2}% 31
\BOOKMARK [3][-]{subsubsection.1.4.2.2}{\376\377\0001\000.\0004\000.\0002\000.\0002\000\040\000M\000D\000P\000\040\000c\000a\000s\000e\000\040\000\050\000B\000a\000y\000e\000s\000\040\000A\000d\000a\000p\000t\000i\000v\000e\000\040\000M\000D\000P\000s\000\051}{subsection.1.4.2}% 32
\BOOKMARK [2][-]{subsection.1.4.3}{\376\377\0001\000.\0004\000.\0003\000\040\000U\000p\000p\000e\000r\000\040\000c\000o\000n\000f\000i\000d\000e\000n\000c\000e\000\040\000b\000o\000u\000n\000d\000s\000\040\000\050\000U\000C\000B\000s\000\051}{section.1.4}% 33
\BOOKMARK [3][-]{subsubsection.1.4.3.1}{\376\377\0001\000.\0004\000.\0003\000.\0001\000\040\000B\000a\000s\000i\000c\000\040\000i\000d\000e\000a}{subsection.1.4.3}% 34
\BOOKMARK [3][-]{subsubsection.1.4.3.2}{\376\377\0001\000.\0004\000.\0003\000.\0002\000\040\000B\000a\000n\000d\000i\000t\000\040\000c\000a\000s\000e\000:\000\040\000F\000r\000e\000q\000u\000e\000n\000t\000i\000s\000t\000\040\000a\000p\000p\000r\000o\000a\000c\000h}{subsection.1.4.3}% 35
\BOOKMARK [3][-]{subsubsection.1.4.3.3}{\376\377\0001\000.\0004\000.\0003\000.\0003\000\040\000B\000a\000n\000d\000i\000t\000\040\000c\000a\000s\000e\000:\000\040\000B\000a\000y\000e\000s\000i\000a\000n\000\040\000a\000p\000p\000r\000o\000a\000c\000h}{subsection.1.4.3}% 36
\BOOKMARK [3][-]{subsubsection.1.4.3.4}{\376\377\0001\000.\0004\000.\0003\000.\0004\000\040\000M\000D\000P\000\040\000c\000a\000s\000e}{subsection.1.4.3}% 37
\BOOKMARK [2][-]{subsection.1.4.4}{\376\377\0001\000.\0004\000.\0004\000\040\000T\000h\000o\000m\000p\000s\000o\000n\000\040\000s\000a\000m\000p\000l\000i\000n\000g}{section.1.4}% 38
\BOOKMARK [3][-]{subsubsection.1.4.4.1}{\376\377\0001\000.\0004\000.\0004\000.\0001\000\040\000B\000a\000n\000d\000i\000t\000\040\000c\000a\000s\000e}{subsection.1.4.4}% 39
\BOOKMARK [3][-]{subsubsection.1.4.4.2}{\376\377\0001\000.\0004\000.\0004\000.\0002\000\040\000M\000D\000P\000\040\000c\000a\000s\000e\000\040\000\050\000p\000o\000s\000t\000e\000r\000i\000o\000r\000\040\000s\000a\000m\000p\000l\000i\000n\000g\000\040\000R\000L\000\051}{subsection.1.4.4}% 40
\BOOKMARK [1][-]{section.1.5}{\376\377\0001\000.\0005\000\040\000R\000L\000\040\000a\000s\000\040\000a\000\040\000p\000o\000s\000t\000e\000r\000i\000o\000r\000\040\000i\000n\000f\000e\000r\000e\000n\000c\000e\000\040\000p\000r\000o\000b\000l\000e\000m}{chapter.1}% 41
\BOOKMARK [2][-]{subsection.1.5.1}{\376\377\0001\000.\0005\000.\0001\000\040\000M\000o\000d\000e\000l\000i\000n\000g\000\040\000a\000s\000s\000u\000m\000p\000t\000i\000o\000n\000s}{section.1.5}% 42
\BOOKMARK [2][-]{subsection.1.5.2}{\376\377\0001\000.\0005\000.\0002\000\040\000S\000o\000f\000t\000\040\000v\000a\000l\000u\000e\000\040\000f\000u\000n\000c\000t\000i\000o\000n\000s}{section.1.5}% 43
\BOOKMARK [2][-]{subsection.1.5.3}{\376\377\0001\000.\0005\000.\0003\000\040\000M\000a\000x\000i\000m\000u\000m\000\040\000e\000n\000t\000r\000o\000p\000y\000\040\000R\000L}{section.1.5}% 44
\BOOKMARK [2][-]{subsection.1.5.4}{\376\377\0001\000.\0005\000.\0004\000\040\000A\000c\000t\000i\000v\000e\000\040\000i\000n\000f\000e\000r\000e\000n\000c\000e}{section.1.5}% 45
\BOOKMARK [0][-]{chapter.2}{\376\377\0002\000\040\000V\000a\000l\000u\000e\000-\000b\000a\000s\000e\000d\000\040\000R\000L}{}% 46
\BOOKMARK [1][-]{section.2.1}{\376\377\0002\000.\0001\000\040\000B\000a\000s\000i\000c\000\040\000c\000o\000n\000c\000e\000p\000t\000s}{chapter.2}% 47
\BOOKMARK [2][-]{subsection.2.1.1}{\376\377\0002\000.\0001\000.\0001\000\040\000V\000a\000l\000u\000e\000\040\000f\000u\000n\000c\000t\000i\000o\000n\000s}{section.2.1}% 48
\BOOKMARK [2][-]{subsection.2.1.2}{\376\377\0002\000.\0001\000.\0002\000\040\000B\000e\000l\000l\000m\000a\000n\000'\000s\000\040\000e\000q\000u\000a\000t\000i\000o\000n\000s}{section.2.1}% 49
\BOOKMARK [2][-]{subsection.2.1.3}{\376\377\0002\000.\0001\000.\0003\000\040\000E\000x\000a\000m\000p\000l\000e\000:\000\040\0001\000d\000\040\000g\000r\000i\000d\000\040\000w\000o\000r\000l\000d}{section.2.1}% 50
\BOOKMARK [1][-]{section.2.2}{\376\377\0002\000.\0002\000\040\000C\000o\000m\000p\000u\000t\000i\000n\000g\000\040\000t\000h\000e\000\040\000v\000a\000l\000u\000e\000\040\000f\000u\000n\000c\000t\000i\000o\000n\000\040\000a\000n\000d\000\040\000p\000o\000l\000i\000c\000y\000\040\000g\000i\000v\000e\000n\000\040\000a\000\040\000k\000n\000o\000w\000n\000\040\000w\000o\000r\000l\000d\000\040\000m\000o\000d\000e\000l}{chapter.2}% 51
\BOOKMARK [2][-]{subsection.2.2.1}{\376\377\0002\000.\0002\000.\0001\000\040\000V\000a\000l\000u\000e\000\040\000i\000t\000e\000r\000a\000t\000i\000o\000n}{section.2.2}% 52
\BOOKMARK [2][-]{subsection.2.2.2}{\376\377\0002\000.\0002\000.\0002\000\040\000R\000e\000a\000l\000-\000t\000i\000m\000e\000\040\000d\000y\000n\000a\000m\000i\000c\000\040\000p\000r\000o\000g\000r\000a\000m\000m\000i\000n\000g\000\040\000\050\000R\000T\000D\000P\000\051}{section.2.2}% 53
\BOOKMARK [2][-]{subsection.2.2.3}{\376\377\0002\000.\0002\000.\0003\000\040\000P\000o\000l\000i\000c\000y\000\040\000i\000t\000e\000r\000a\000t\000i\000o\000n}{section.2.2}% 54
\BOOKMARK [1][-]{section.2.3}{\376\377\0002\000.\0003\000\040\000C\000o\000m\000p\000u\000t\000i\000n\000g\000\040\000t\000h\000e\000\040\000v\000a\000l\000u\000e\000\040\000f\000u\000n\000c\000t\000i\000o\000n\000\040\000w\000i\000t\000h\000o\000u\000t\000\040\000k\000n\000o\000w\000i\000n\000g\000\040\000t\000h\000e\000\040\000w\000o\000r\000l\000d\000\040\000m\000o\000d\000e\000l}{chapter.2}% 55
\BOOKMARK [2][-]{subsection.2.3.1}{\376\377\0002\000.\0003\000.\0001\000\040\000M\000o\000n\000t\000e\000\040\000C\000a\000r\000l\000o\000\040\000e\000s\000t\000i\000m\000a\000t\000i\000o\000n}{section.2.3}% 56
\BOOKMARK [2][-]{subsection.2.3.2}{\376\377\0002\000.\0003\000.\0002\000\040\000T\000e\000m\000p\000o\000r\000a\000l\000\040\000d\000i\000f\000f\000e\000r\000e\000n\000c\000e\000\040\000\050\000T\000D\000\051\000\040\000l\000e\000a\000r\000n\000i\000n\000g}{section.2.3}% 57
\BOOKMARK [2][-]{subsection.2.3.3}{\376\377\0002\000.\0003\000.\0003\000\040\000C\000o\000m\000b\000i\000n\000i\000n\000g\000\040\000T\000D\000\040\000a\000n\000d\000\040\000M\000C\000\040\000l\000e\000a\000r\000n\000i\000n\000g\000\040\000u\000s\000i\000n\000g\000\040\000T\000D\000\050\000\051}{section.2.3}% 58
\BOOKMARK [2][-]{subsection.2.3.4}{\376\377\0002\000.\0003\000.\0004\000\040\000E\000l\000i\000g\000i\000b\000i\000l\000i\000t\000y\000\040\000t\000r\000a\000c\000e\000s}{section.2.3}% 59
\BOOKMARK [1][-]{section.2.4}{\376\377\0002\000.\0004\000\040\000S\000A\000R\000S\000A\000:\000\040\000o\000n\000-\000p\000o\000l\000i\000c\000y\000\040\000T\000D\000\040\000c\000o\000n\000t\000r\000o\000l}{chapter.2}% 60
\BOOKMARK [1][-]{section.2.5}{\376\377\0002\000.\0005\000\040\000Q\000-\000l\000e\000a\000r\000n\000i\000n\000g\000:\000\040\000o\000f\000f\000-\000p\000o\000l\000i\000c\000y\000\040\000T\000D\000\040\000c\000o\000n\000t\000r\000o\000l}{chapter.2}% 61
\BOOKMARK [2][-]{subsection.2.5.1}{\376\377\0002\000.\0005\000.\0001\000\040\000T\000a\000b\000u\000l\000a\000r\000\040\000Q\000\040\000l\000e\000a\000r\000n\000i\000n\000g}{section.2.5}% 62
\BOOKMARK [2][-]{subsection.2.5.2}{\376\377\0002\000.\0005\000.\0002\000\040\000Q\000\040\000l\000e\000a\000r\000n\000i\000n\000g\000\040\000w\000i\000t\000h\000\040\000f\000u\000n\000c\000t\000i\000o\000n\000\040\000a\000p\000p\000r\000o\000x\000i\000m\000a\000t\000i\000o\000n}{section.2.5}% 63
\BOOKMARK [3][-]{subsubsection.2.5.2.1}{\376\377\0002\000.\0005\000.\0002\000.\0001\000\040\000N\000e\000u\000r\000a\000l\000\040\000f\000i\000t\000t\000e\000d\000\040\000Q}{subsection.2.5.2}% 64
\BOOKMARK [3][-]{subsubsection.2.5.2.2}{\376\377\0002\000.\0005\000.\0002\000.\0002\000\040\000D\000Q\000N}{subsection.2.5.2}% 65
\BOOKMARK [3][-]{subsubsection.2.5.2.3}{\376\377\0002\000.\0005\000.\0002\000.\0003\000\040\000E\000x\000p\000e\000r\000i\000e\000n\000c\000e\000\040\000r\000e\000p\000l\000a\000y}{subsection.2.5.2}% 66
\BOOKMARK [3][-]{subsubsection.2.5.2.4}{\376\377\0002\000.\0005\000.\0002\000.\0004\000\040\000T\000h\000e\000\040\000d\000e\000a\000d\000l\000y\000\040\000t\000r\000i\000a\000d}{subsection.2.5.2}% 67
\BOOKMARK [3][-]{subsubsection.2.5.2.5}{\376\377\0002\000.\0005\000.\0002\000.\0005\000\040\000T\000a\000r\000g\000e\000t\000\040\000n\000e\000t\000w\000o\000r\000k\000s}{subsection.2.5.2}% 68
\BOOKMARK [3][-]{subsubsection.2.5.2.6}{\376\377\0002\000.\0005\000.\0002\000.\0006\000\040\000T\000w\000o\000\040\000t\000i\000m\000e\000-\000s\000c\000a\000l\000e\000\040\000m\000e\000t\000h\000o\000d\000s}{subsection.2.5.2}% 69
\BOOKMARK [3][-]{subsubsection.2.5.2.7}{\376\377\0002\000.\0005\000.\0002\000.\0007\000\040\000L\000a\000y\000e\000r\000\040\000n\000o\000r\000m}{subsection.2.5.2}% 70
\BOOKMARK [2][-]{subsection.2.5.3}{\376\377\0002\000.\0005\000.\0003\000\040\000M\000a\000x\000i\000m\000i\000z\000a\000t\000i\000o\000n\000\040\000b\000i\000a\000s}{section.2.5}% 71
\BOOKMARK [3][-]{subsubsection.2.5.3.1}{\376\377\0002\000.\0005\000.\0003\000.\0001\000\040\000D\000o\000u\000b\000l\000e\000\040\000Q\000-\000l\000e\000a\000r\000n\000i\000n\000g}{subsection.2.5.3}% 72
\BOOKMARK [3][-]{subsubsection.2.5.3.2}{\376\377\0002\000.\0005\000.\0003\000.\0002\000\040\000D\000o\000u\000b\000l\000e\000\040\000D\000Q\000N}{subsection.2.5.3}% 73
\BOOKMARK [3][-]{subsubsection.2.5.3.3}{\376\377\0002\000.\0005\000.\0003\000.\0003\000\040\000R\000a\000n\000d\000o\000m\000i\000z\000e\000d\000\040\000e\000n\000s\000e\000m\000b\000l\000e\000\040\000D\000Q\000N}{subsection.2.5.3}% 74
\BOOKMARK [2][-]{subsection.2.5.4}{\376\377\0002\000.\0005\000.\0004\000\040\000D\000Q\000N\000\040\000e\000x\000t\000e\000n\000s\000i\000o\000n\000s}{section.2.5}% 75
\BOOKMARK [3][-]{subsubsection.2.5.4.1}{\376\377\0002\000.\0005\000.\0004\000.\0001\000\040\000Q\000\040\000l\000e\000a\000r\000n\000i\000n\000g\000\040\000f\000o\000r\000\040\000c\000o\000n\000t\000i\000n\000u\000o\000u\000s\000\040\000a\000c\000t\000i\000o\000n\000s}{subsection.2.5.4}% 76
\BOOKMARK [3][-]{subsubsection.2.5.4.2}{\376\377\0002\000.\0005\000.\0004\000.\0002\000\040\000D\000u\000e\000l\000i\000n\000g\000\040\000D\000Q\000N}{subsection.2.5.4}% 77
\BOOKMARK [3][-]{subsubsection.2.5.4.3}{\376\377\0002\000.\0005\000.\0004\000.\0003\000\040\000N\000o\000i\000s\000y\000\040\000n\000e\000t\000s\000\040\000a\000n\000d\000\040\000e\000x\000p\000l\000o\000r\000a\000t\000i\000o\000n}{subsection.2.5.4}% 78
\BOOKMARK [3][-]{subsubsection.2.5.4.4}{\376\377\0002\000.\0005\000.\0004\000.\0004\000\040\000M\000u\000l\000t\000i\000-\000s\000t\000e\000p\000\040\000D\000Q\000N}{subsection.2.5.4}% 79
\BOOKMARK [3][-]{subsubsection.2.5.4.5}{\376\377\0002\000.\0005\000.\0004\000.\0005\000\040\000R\000a\000i\000n\000b\000o\000w}{subsection.2.5.4}% 80
\BOOKMARK [3][-]{subsubsection.2.5.4.6}{\376\377\0002\000.\0005\000.\0004\000.\0006\000\040\000B\000i\000g\000g\000e\000r\000,\000\040\000B\000e\000t\000t\000e\000r\000,\000\040\000F\000a\000s\000t\000e\000r}{subsection.2.5.4}% 81
\BOOKMARK [3][-]{subsubsection.2.5.4.7}{\376\377\0002\000.\0005\000.\0004\000.\0007\000\040\000O\000t\000h\000e\000r\000\040\000m\000e\000t\000h\000o\000d\000s}{subsection.2.5.4}% 82
\BOOKMARK [0][-]{chapter.3}{\376\377\0003\000\040\000P\000o\000l\000i\000c\000y\000-\000b\000a\000s\000e\000d\000\040\000R\000L}{}% 83
\BOOKMARK [1][-]{section.3.1}{\376\377\0003\000.\0001\000\040\000T\000h\000e\000\040\000p\000o\000l\000i\000c\000y\000\040\000g\000r\000a\000d\000i\000e\000n\000t\000\040\000t\000h\000e\000o\000r\000e\000m}{chapter.3}% 84
\BOOKMARK [1][-]{section.3.2}{\376\377\0003\000.\0002\000\040\000R\000E\000I\000N\000F\000O\000R\000C\000E}{chapter.3}% 85
\BOOKMARK [1][-]{section.3.3}{\376\377\0003\000.\0003\000\040\000A\000c\000t\000o\000r\000-\000c\000r\000i\000t\000i\000c\000\040\000m\000e\000t\000h\000o\000d\000s}{chapter.3}% 86
\BOOKMARK [2][-]{subsection.3.3.1}{\376\377\0003\000.\0003\000.\0001\000\040\000A\000d\000v\000a\000n\000t\000a\000g\000e\000\040\000a\000c\000t\000o\000r\000\040\000c\000r\000i\000t\000i\000c\000\040\000\050\000A\0002\000C\000\051}{section.3.3}% 87
\BOOKMARK [2][-]{subsection.3.3.2}{\376\377\0003\000.\0003\000.\0002\000\040\000G\000e\000n\000e\000r\000a\000l\000i\000z\000e\000d\000\040\000a\000d\000v\000a\000n\000t\000a\000g\000e\000\040\000e\000s\000t\000i\000m\000a\000t\000i\000o\000n\000\040\000\050\000G\000A\000E\000\051}{section.3.3}% 88
\BOOKMARK [2][-]{subsection.3.3.3}{\376\377\0003\000.\0003\000.\0003\000\040\000T\000w\000o\000-\000t\000i\000m\000e\000\040\000s\000c\000a\000l\000e\000\040\000a\000c\000t\000o\000r\000\040\000c\000r\000i\000t\000i\000c\000\040\000a\000l\000g\000o\000r\000i\000t\000h\000m\000s}{section.3.3}% 89
\BOOKMARK [2][-]{subsection.3.3.4}{\376\377\0003\000.\0003\000.\0004\000\040\000N\000a\000t\000u\000r\000a\000l\000\040\000p\000o\000l\000i\000c\000y\000\040\000g\000r\000a\000d\000i\000e\000n\000t\000\040\000m\000e\000t\000h\000o\000d\000s}{section.3.3}% 90
\BOOKMARK [3][-]{subsubsection.3.3.4.1}{\376\377\0003\000.\0003\000.\0004\000.\0001\000\040\000N\000a\000t\000u\000r\000a\000l\000\040\000g\000r\000a\000d\000i\000e\000n\000t\000\040\000d\000e\000s\000c\000e\000n\000t}{subsection.3.3.4}% 91
\BOOKMARK [3][-]{subsubsection.3.3.4.2}{\376\377\0003\000.\0003\000.\0004\000.\0002\000\040\000N\000a\000t\000u\000r\000a\000l\000\040\000a\000c\000t\000o\000r\000\040\000c\000r\000i\000t\000i\000c}{subsection.3.3.4}% 92
\BOOKMARK [1][-]{section.3.4}{\376\377\0003\000.\0004\000\040\000P\000o\000l\000i\000c\000y\000\040\000i\000m\000p\000r\000o\000v\000e\000m\000e\000n\000t\000\040\000m\000e\000t\000h\000o\000d\000s}{chapter.3}% 93
\BOOKMARK [2][-]{subsection.3.4.1}{\376\377\0003\000.\0004\000.\0001\000\040\000P\000o\000l\000i\000c\000y\000\040\000i\000m\000p\000r\000o\000v\000e\000m\000e\000n\000t\000\040\000l\000o\000w\000e\000r\000\040\000b\000o\000u\000n\000d}{section.3.4}% 94
\BOOKMARK [2][-]{subsection.3.4.2}{\376\377\0003\000.\0004\000.\0002\000\040\000T\000r\000u\000s\000t\000\040\000r\000e\000g\000i\000o\000n\000\040\000p\000o\000l\000i\000c\000y\000\040\000o\000p\000t\000i\000m\000i\000z\000a\000t\000i\000o\000n\000\040\000\050\000T\000R\000P\000O\000\051}{section.3.4}% 95
\BOOKMARK [2][-]{subsection.3.4.3}{\376\377\0003\000.\0004\000.\0003\000\040\000P\000r\000o\000x\000i\000m\000a\000l\000\040\000P\000o\000l\000i\000c\000y\000\040\000O\000p\000t\000i\000m\000i\000z\000a\000t\000i\000o\000n\000\040\000\050\000P\000P\000O\000\051}{section.3.4}% 96
\BOOKMARK [2][-]{subsection.3.4.4}{\376\377\0003\000.\0004\000.\0004\000\040\000V\000M\000P\000O}{section.3.4}% 97
\BOOKMARK [1][-]{section.3.5}{\376\377\0003\000.\0005\000\040\000O\000f\000f\000-\000p\000o\000l\000i\000c\000y\000\040\000m\000e\000t\000h\000o\000d\000s}{chapter.3}% 98
\BOOKMARK [2][-]{subsection.3.5.1}{\376\377\0003\000.\0005\000.\0001\000\040\000P\000o\000l\000i\000c\000y\000\040\000e\000v\000a\000l\000u\000a\000t\000i\000o\000n\000\040\000u\000s\000i\000n\000g\000\040\000i\000m\000p\000o\000r\000t\000a\000n\000c\000e\000\040\000s\000a\000m\000p\000l\000i\000n\000g}{section.3.5}% 99
\BOOKMARK [2][-]{subsection.3.5.2}{\376\377\0003\000.\0005\000.\0002\000\040\000O\000f\000f\000-\000p\000o\000l\000i\000c\000y\000\040\000a\000c\000t\000o\000r\000\040\000c\000r\000i\000t\000i\000c\000\040\000m\000e\000t\000h\000o\000d\000s}{section.3.5}% 100
\BOOKMARK [3][-]{subsubsection.3.5.2.1}{\376\377\0003\000.\0005\000.\0002\000.\0001\000\040\000L\000e\000a\000r\000n\000i\000n\000g\000\040\000t\000h\000e\000\040\000c\000r\000i\000t\000i\000c\000\040\000u\000s\000i\000n\000g\000\040\000V\000-\000t\000r\000a\000c\000e}{subsection.3.5.2}% 101
\BOOKMARK [3][-]{subsubsection.3.5.2.2}{\376\377\0003\000.\0005\000.\0002\000.\0002\000\040\000L\000e\000a\000r\000n\000i\000n\000g\000\040\000t\000h\000e\000\040\000a\000c\000t\000o\000r}{subsection.3.5.2}% 102
\BOOKMARK [3][-]{subsubsection.3.5.2.3}{\376\377\0003\000.\0005\000.\0002\000.\0003\000\040\000I\000M\000P\000A\000L\000A}{subsection.3.5.2}% 103
\BOOKMARK [2][-]{subsection.3.5.3}{\376\377\0003\000.\0005\000.\0003\000\040\000O\000f\000f\000-\000p\000o\000l\000i\000c\000y\000\040\000p\000o\000l\000i\000c\000y\000\040\000i\000m\000p\000r\000o\000v\000e\000m\000e\000n\000t\000\040\000m\000e\000t\000h\000o\000d\000s}{section.3.5}% 104
\BOOKMARK [3][-]{subsubsection.3.5.3.1}{\376\377\0003\000.\0005\000.\0003\000.\0001\000\040\000O\000f\000f\000-\000p\000o\000l\000i\000c\000y\000\040\000P\000P\000O}{subsection.3.5.3}% 105
\BOOKMARK [3][-]{subsubsection.3.5.3.2}{\376\377\0003\000.\0005\000.\0003\000.\0002\000\040\000O\000f\000f\000-\000p\000o\000l\000i\000c\000y\000\040\000V\000M\000P\000O}{subsection.3.5.3}% 106
\BOOKMARK [3][-]{subsubsection.3.5.3.3}{\376\377\0003\000.\0005\000.\0003\000.\0003\000\040\000O\000f\000f\000-\000p\000o\000l\000i\000c\000y\000\040\000T\000R\000P\000O}{subsection.3.5.3}% 107
\BOOKMARK [2][-]{subsection.3.5.4}{\376\377\0003\000.\0005\000.\0004\000\040\000S\000o\000f\000t\000\040\000a\000c\000t\000o\000r\000-\000c\000r\000i\000t\000i\000c\000\040\000\050\000S\000A\000C\000\051}{section.3.5}% 108
\BOOKMARK [3][-]{subsubsection.3.5.4.1}{\376\377\0003\000.\0005\000.\0004\000.\0001\000\040\000P\000o\000l\000i\000c\000y\000\040\000e\000v\000a\000l\000u\000a\000t\000i\000o\000n}{subsection.3.5.4}% 109
\BOOKMARK [3][-]{subsubsection.3.5.4.2}{\376\377\0003\000.\0005\000.\0004\000.\0002\000\040\000P\000o\000l\000i\000c\000y\000\040\000i\000m\000p\000r\000o\000v\000e\000m\000e\000n\000t\000:\000\040\000G\000a\000u\000s\000s\000i\000a\000n\000\040\000p\000o\000l\000i\000c\000y}{subsection.3.5.4}% 110
\BOOKMARK [3][-]{subsubsection.3.5.4.3}{\376\377\0003\000.\0005\000.\0004\000.\0003\000\040\000P\000o\000l\000i\000c\000y\000\040\000i\000m\000p\000r\000o\000v\000e\000m\000e\000n\000t\000:\000\040\000s\000o\000f\000t\000m\000a\000x\000\040\000p\000o\000l\000i\000c\000y}{subsection.3.5.4}% 111
\BOOKMARK [3][-]{subsubsection.3.5.4.4}{\376\377\0003\000.\0005\000.\0004\000.\0004\000\040\000A\000d\000j\000u\000s\000t\000i\000n\000g\000\040\000t\000h\000e\000\040\000t\000e\000m\000p\000e\000r\000a\000t\000u\000r\000e}{subsection.3.5.4}% 112
\BOOKMARK [1][-]{section.3.6}{\376\377\0003\000.\0006\000\040\000D\000e\000t\000e\000r\000m\000i\000n\000i\000s\000t\000i\000c\000\040\000p\000o\000l\000i\000c\000y\000\040\000g\000r\000a\000d\000i\000e\000n\000t\000\040\000m\000e\000t\000h\000o\000d\000s}{chapter.3}% 113
\BOOKMARK [2][-]{subsection.3.6.1}{\376\377\0003\000.\0006\000.\0001\000\040\000D\000D\000P\000G}{section.3.6}% 114
\BOOKMARK [2][-]{subsection.3.6.2}{\376\377\0003\000.\0006\000.\0002\000\040\000T\000w\000i\000n\000\040\000D\000e\000l\000a\000y\000e\000d\000\040\000D\000D\000P\000G\000\040\000\050\000T\000D\0003\000\051}{section.3.6}% 115
\BOOKMARK [0][-]{chapter.4}{\376\377\0004\000\040\000M\000o\000d\000e\000l\000-\000b\000a\000s\000e\000d\000\040\000R\000L}{}% 116
\BOOKMARK [1][-]{section.4.1}{\376\377\0004\000.\0001\000\040\000D\000e\000c\000i\000s\000i\000o\000n\000-\000t\000i\000m\000e\000\040\000p\000l\000a\000n\000n\000i\000n\000g}{chapter.4}% 117
\BOOKMARK [2][-]{subsection.4.1.1}{\376\377\0004\000.\0001\000.\0001\000\040\000M\000o\000d\000e\000l\000\040\000p\000r\000e\000d\000i\000c\000t\000i\000v\000e\000\040\000c\000o\000n\000t\000r\000o\000l\000\040\000\050\000M\000P\000C\000\051}{section.4.1}% 118
\BOOKMARK [2][-]{subsection.4.1.2}{\376\377\0004\000.\0001\000.\0002\000\040\000H\000e\000u\000r\000i\000s\000t\000i\000c\000\040\000s\000e\000a\000r\000c\000h}{section.4.1}% 119
\BOOKMARK [2][-]{subsection.4.1.3}{\376\377\0004\000.\0001\000.\0003\000\040\000M\000o\000n\000t\000e\000\040\000C\000a\000r\000l\000o\000\040\000t\000r\000e\000e\000\040\000s\000e\000a\000r\000c\000h}{section.4.1}% 120
\BOOKMARK [3][-]{subsubsection.4.1.3.1}{\376\377\0004\000.\0001\000.\0003\000.\0001\000\040\000A\000l\000p\000h\000a\000G\000o\000\040\000a\000n\000d\000\040\000A\000l\000p\000h\000a\000Z\000e\000r\000o}{subsection.4.1.3}% 121
\BOOKMARK [3][-]{subsubsection.4.1.3.2}{\376\377\0004\000.\0001\000.\0003\000.\0002\000\040\000M\000u\000Z\000e\000r\000o}{subsection.4.1.3}% 122
\BOOKMARK [3][-]{subsubsection.4.1.3.3}{\376\377\0004\000.\0001\000.\0003\000.\0003\000\040\000E\000f\000f\000i\000c\000i\000e\000n\000t\000Z\000e\000r\000o}{subsection.4.1.3}% 123
\BOOKMARK [2][-]{subsection.4.1.4}{\376\377\0004\000.\0001\000.\0004\000\040\000T\000r\000a\000j\000e\000c\000t\000o\000r\000y\000\040\000o\000p\000t\000i\000m\000i\000z\000a\000t\000i\000o\000n\000\040\000f\000o\000r\000\040\000c\000o\000n\000t\000i\000n\000u\000o\000u\000s\000\040\000a\000c\000t\000i\000o\000n\000s}{section.4.1}% 124
\BOOKMARK [3][-]{subsubsection.4.1.4.1}{\376\377\0004\000.\0001\000.\0004\000.\0001\000\040\000R\000a\000n\000d\000o\000m\000\040\000s\000h\000o\000o\000t\000i\000n\000g}{subsection.4.1.4}% 125
\BOOKMARK [3][-]{subsubsection.4.1.4.2}{\376\377\0004\000.\0001\000.\0004\000.\0002\000\040\000L\000Q\000G}{subsection.4.1.4}% 126
\BOOKMARK [3][-]{subsubsection.4.1.4.3}{\376\377\0004\000.\0001\000.\0004\000.\0003\000\040\000C\000E\000M}{subsection.4.1.4}% 127
\BOOKMARK [3][-]{subsubsection.4.1.4.4}{\376\377\0004\000.\0001\000.\0004\000.\0004\000\040\000M\000P\000P\000I}{subsection.4.1.4}% 128
\BOOKMARK [3][-]{subsubsection.4.1.4.5}{\376\377\0004\000.\0001\000.\0004\000.\0005\000\040\000G\000P\000-\000M\000P\000C}{subsection.4.1.4}% 129
\BOOKMARK [2][-]{subsection.4.1.5}{\376\377\0004\000.\0001\000.\0005\000\040\000S\000M\000C\000\040\000f\000o\000r\000\040\000M\000P\000C}{section.4.1}% 130
\BOOKMARK [1][-]{section.4.2}{\376\377\0004\000.\0002\000\040\000B\000a\000c\000k\000g\000r\000o\000u\000n\000d\000\040\000p\000l\000a\000n\000n\000i\000n\000g}{chapter.4}% 131
\BOOKMARK [2][-]{subsection.4.2.1}{\376\377\0004\000.\0002\000.\0001\000\040\000A\000\040\000g\000a\000m\000e\000-\000t\000h\000e\000o\000r\000e\000t\000i\000c\000\040\000p\000e\000r\000s\000p\000e\000c\000t\000i\000v\000e\000\040\000o\000n\000\040\000M\000B\000R\000L}{section.4.2}% 132
\BOOKMARK [2][-]{subsection.4.2.2}{\376\377\0004\000.\0002\000.\0002\000\040\000D\000y\000n\000a}{section.4.2}% 133
\BOOKMARK [3][-]{subsubsection.4.2.2.1}{\376\377\0004\000.\0002\000.\0002\000.\0001\000\040\000T\000a\000b\000u\000l\000a\000r\000\040\000D\000y\000n\000a}{subsection.4.2.2}% 134
\BOOKMARK [3][-]{subsubsection.4.2.2.2}{\376\377\0004\000.\0002\000.\0002\000.\0002\000\040\000D\000y\000n\000a\000\040\000w\000i\000t\000h\000\040\000f\000u\000n\000c\000t\000i\000o\000n\000\040\000a\000p\000p\000r\000o\000x\000i\000m\000a\000t\000i\000o\000n}{subsection.4.2.2}% 135
\BOOKMARK [2][-]{subsection.4.2.3}{\376\377\0004\000.\0002\000.\0003\000\040\000D\000e\000a\000l\000i\000n\000g\000\040\000w\000i\000t\000h\000\040\000m\000o\000d\000e\000l\000\040\000e\000r\000r\000o\000r\000s\000\040\000a\000n\000d\000\040\000u\000n\000c\000e\000r\000t\000a\000i\000n\000t\000y}{section.4.2}% 136
\BOOKMARK [3][-]{subsubsection.4.2.3.1}{\376\377\0004\000.\0002\000.\0003\000.\0001\000\040\000A\000v\000o\000i\000d\000i\000n\000g\000\040\000c\000o\000m\000p\000o\000u\000n\000d\000i\000n\000g\000\040\000e\000r\000r\000o\000r\000s\000\040\000i\000n\000\040\000r\000o\000l\000l\000o\000u\000t\000s}{subsection.4.2.3}% 137
\BOOKMARK [3][-]{subsubsection.4.2.3.2}{\376\377\0004\000.\0002\000.\0003\000.\0002\000\040\000E\000n\000d\000-\000t\000o\000-\000e\000n\000d\000\040\000d\000i\000f\000f\000e\000r\000e\000n\000t\000i\000a\000b\000l\000e\000\040\000l\000e\000a\000r\000n\000i\000n\000g\000\040\000o\000f\000\040\000m\000o\000d\000e\000l\000\040\000a\000n\000d\000\040\000p\000l\000a\000n\000n\000e\000r}{subsection.4.2.3}% 138
\BOOKMARK [3][-]{subsubsection.4.2.3.3}{\376\377\0004\000.\0002\000.\0003\000.\0003\000\040\000U\000n\000i\000f\000i\000e\000d\000\040\000m\000o\000d\000e\000l\000\040\000a\000n\000d\000\040\000p\000l\000a\000n\000n\000i\000n\000g\000\040\000v\000a\000r\000i\000a\000t\000i\000o\000n\000a\000l\000\040\000l\000o\000w\000e\000r\000\040\000b\000o\000u\000n\000d}{subsection.4.2.3}% 139
\BOOKMARK [3][-]{subsubsection.4.2.3.4}{\376\377\0004\000.\0002\000.\0003\000.\0004\000\040\000D\000y\000n\000a\000m\000i\000c\000a\000l\000l\000y\000\040\000s\000w\000i\000t\000c\000h\000i\000n\000g\000\040\000b\000e\000t\000w\000e\000e\000n\000\040\000M\000F\000R\000L\000\040\000a\000n\000d\000\040\000M\000B\000R\000L}{subsection.4.2.3}% 140
\BOOKMARK [1][-]{section.4.3}{\376\377\0004\000.\0003\000\040\000W\000o\000r\000l\000d\000\040\000m\000o\000d\000e\000l\000s}{chapter.4}% 141
\BOOKMARK [2][-]{subsection.4.3.1}{\376\377\0004\000.\0003\000.\0001\000\040\000G\000e\000n\000e\000r\000a\000t\000i\000v\000e\000\040\000w\000o\000r\000l\000d\000\040\000m\000o\000d\000e\000l\000s}{section.4.3}% 142
\BOOKMARK [3][-]{subsubsection.4.3.1.1}{\376\377\0004\000.\0003\000.\0001\000.\0001\000\040\000O\000b\000s\000e\000r\000v\000a\000t\000i\000o\000n\000-\000s\000p\000a\000c\000e\000\040\000w\000o\000r\000l\000d\000\040\000m\000o\000d\000e\000l\000s}{subsection.4.3.1}% 143
\BOOKMARK [3][-]{subsubsection.4.3.1.2}{\376\377\0004\000.\0003\000.\0001\000.\0002\000\040\000F\000a\000c\000t\000o\000r\000e\000d\000\040\000m\000o\000d\000e\000l\000s}{subsection.4.3.1}% 144
\BOOKMARK [3][-]{subsubsection.4.3.1.3}{\376\377\0004\000.\0003\000.\0001\000.\0003\000\040\000L\000a\000t\000e\000n\000t\000-\000s\000p\000a\000c\000e\000\040\000w\000o\000r\000l\000d\000\040\000m\000o\000d\000e\000l\000s}{subsection.4.3.1}% 145
\BOOKMARK [3][-]{subsubsection.4.3.1.4}{\376\377\0004\000.\0003\000.\0001\000.\0004\000\040\000D\000r\000e\000a\000m\000e\000r}{subsection.4.3.1}% 146
\BOOKMARK [3][-]{subsubsection.4.3.1.5}{\376\377\0004\000.\0003\000.\0001\000.\0005\000\040\000I\000r\000i\000s}{subsection.4.3.1}% 147
\BOOKMARK [2][-]{subsection.4.3.2}{\376\377\0004\000.\0003\000.\0002\000\040\000N\000o\000n\000-\000g\000e\000n\000e\000r\000a\000t\000i\000v\000e\000\040\000w\000o\000r\000l\000d\000\040\000m\000o\000d\000e\000l\000s}{section.4.3}% 148
\BOOKMARK [3][-]{subsubsection.4.3.2.1}{\376\377\0004\000.\0003\000.\0002\000.\0001\000\040\000V\000a\000l\000u\000e\000\040\000p\000r\000e\000d\000i\000c\000t\000i\000o\000n}{subsection.4.3.2}% 149
\BOOKMARK [3][-]{subsubsection.4.3.2.2}{\376\377\0004\000.\0003\000.\0002\000.\0002\000\040\000S\000e\000l\000f\000\040\000p\000r\000e\000d\000i\000c\000t\000i\000o\000n}{subsection.4.3.2}% 150
\BOOKMARK [3][-]{subsubsection.4.3.2.3}{\376\377\0004\000.\0003\000.\0002\000.\0003\000\040\000P\000o\000l\000i\000c\000y\000\040\000p\000r\000e\000d\000i\000c\000t\000i\000o\000n}{subsection.4.3.2}% 151
\BOOKMARK [3][-]{subsubsection.4.3.2.4}{\376\377\0004\000.\0003\000.\0002\000.\0004\000\040\000O\000b\000s\000e\000r\000v\000a\000t\000i\000o\000n\000\040\000p\000r\000e\000d\000i\000c\000t\000i\000o\000n}{subsection.4.3.2}% 152
\BOOKMARK [3][-]{subsubsection.4.3.2.5}{\376\377\0004\000.\0003\000.\0002\000.\0005\000\040\000P\000a\000r\000t\000i\000a\000l\000\040\000o\000b\000s\000e\000r\000v\000a\000t\000i\000o\000n\000\040\000p\000r\000e\000d\000i\000c\000t\000i\000o\000n}{subsection.4.3.2}% 153
\BOOKMARK [3][-]{subsubsection.4.3.2.6}{\376\377\0004\000.\0003\000.\0002\000.\0006\000\040\000B\000Y\000O\000L\000-\000E\000x\000p\000l\000o\000r\000e}{subsection.4.3.2}% 154
\BOOKMARK [1][-]{section.4.4}{\376\377\0004\000.\0004\000\040\000B\000e\000y\000o\000n\000d\000\040\000o\000n\000e\000-\000s\000t\000e\000p\000\040\000m\000o\000d\000e\000l\000s\000:\000\040\000p\000r\000e\000d\000i\000c\000t\000i\000v\000e\000\040\000r\000e\000p\000r\000e\000s\000e\000n\000t\000a\000t\000i\000o\000n\000s}{chapter.4}% 155
\BOOKMARK [2][-]{subsection.4.4.1}{\376\377\0004\000.\0004\000.\0001\000\040\000G\000e\000n\000e\000r\000a\000l\000\040\000v\000a\000l\000u\000e\000\040\000f\000u\000n\000c\000t\000i\000o\000n\000s}{section.4.4}% 156
\BOOKMARK [2][-]{subsection.4.4.2}{\376\377\0004\000.\0004\000.\0002\000\040\000S\000u\000c\000c\000e\000s\000s\000o\000r\000\040\000r\000e\000p\000r\000e\000s\000e\000n\000t\000a\000t\000i\000o\000n\000s}{section.4.4}% 157
\BOOKMARK [2][-]{subsection.4.4.3}{\376\377\0004\000.\0004\000.\0003\000\040\000S\000u\000c\000c\000e\000s\000s\000o\000r\000\040\000m\000o\000d\000e\000l\000s}{section.4.4}% 158
\BOOKMARK [3][-]{subsubsection.4.4.3.1}{\376\377\0004\000.\0004\000.\0003\000.\0001\000\040\000L\000e\000a\000r\000n\000i\000n\000g\000\040\000S\000M\000s}{subsection.4.4.3}% 159
\BOOKMARK [3][-]{subsubsection.4.4.3.2}{\376\377\0004\000.\0004\000.\0003\000.\0002\000\040\000J\000u\000m\000p\000y\000\040\000m\000o\000d\000e\000l\000s\000\040\000u\000s\000i\000n\000g\000\040\000g\000e\000o\000m\000e\000t\000r\000i\000c\000\040\000p\000o\000l\000i\000c\000y\000\040\000c\000o\000m\000p\000o\000s\000i\000t\000i\000o\000n}{subsection.4.4.3}% 160
\BOOKMARK [2][-]{subsection.4.4.4}{\376\377\0004\000.\0004\000.\0004\000\040\000S\000u\000c\000c\000e\000s\000s\000o\000r\000\040\000f\000e\000a\000t\000u\000r\000e\000s}{section.4.4}% 161
\BOOKMARK [3][-]{subsubsection.4.4.4.1}{\376\377\0004\000.\0004\000.\0004\000.\0001\000\040\000G\000e\000n\000e\000r\000a\000l\000i\000z\000e\000d\000\040\000p\000o\000l\000i\000c\000y\000\040\000i\000m\000p\000r\000o\000v\000e\000m\000e\000n\000t}{subsection.4.4.4}% 162
\BOOKMARK [3][-]{subsubsection.4.4.4.2}{\376\377\0004\000.\0004\000.\0004\000.\0002\000\040\000O\000p\000t\000i\000o\000n\000\040\000k\000e\000y\000b\000o\000a\000r\000d}{subsection.4.4.4}% 163
\BOOKMARK [3][-]{subsubsection.4.4.4.3}{\376\377\0004\000.\0004\000.\0004\000.\0003\000\040\000L\000e\000a\000r\000n\000i\000n\000g\000\040\000S\000F\000s}{subsection.4.4.4}% 164
\BOOKMARK [3][-]{subsubsection.4.4.4.4}{\376\377\0004\000.\0004\000.\0004\000.\0004\000\040\000C\000h\000o\000o\000s\000i\000n\000g\000\040\000t\000h\000e\000\040\000t\000a\000s\000k\000s}{subsection.4.4.4}% 165
\BOOKMARK [0][-]{chapter.5}{\376\377\0005\000\040\000O\000t\000h\000e\000r\000\040\000t\000o\000p\000i\000c\000s\000\040\000i\000n\000\040\000R\000L}{}% 166
\BOOKMARK [1][-]{section.5.1}{\376\377\0005\000.\0001\000\040\000D\000i\000s\000t\000r\000i\000b\000u\000t\000i\000o\000n\000a\000l\000\040\000R\000L}{chapter.5}% 167
\BOOKMARK [2][-]{subsection.5.1.1}{\376\377\0005\000.\0001\000.\0001\000\040\000Q\000u\000a\000n\000t\000i\000l\000e\000\040\000r\000e\000g\000r\000e\000s\000s\000i\000o\000n\000\040\000m\000e\000t\000h\000o\000d\000s}{section.5.1}% 168
\BOOKMARK [2][-]{subsection.5.1.2}{\376\377\0005\000.\0001\000.\0002\000\040\000R\000e\000p\000l\000a\000c\000i\000n\000g\000\040\000r\000e\000g\000r\000e\000s\000s\000i\000o\000n\000\040\000w\000i\000t\000h\000\040\000c\000l\000a\000s\000s\000i\000f\000i\000c\000a\000t\000i\000o\000n}{section.5.1}% 169
\BOOKMARK [1][-]{section.5.2}{\376\377\0005\000.\0002\000\040\000R\000e\000w\000a\000r\000d\000\040\000f\000u\000n\000c\000t\000i\000o\000n\000s}{chapter.5}% 170
\BOOKMARK [2][-]{subsection.5.2.1}{\376\377\0005\000.\0002\000.\0001\000\040\000R\000e\000w\000a\000r\000d\000\040\000h\000a\000c\000k\000i\000n\000g}{section.5.2}% 171
\BOOKMARK [2][-]{subsection.5.2.2}{\376\377\0005\000.\0002\000.\0002\000\040\000S\000p\000a\000r\000s\000e\000\040\000r\000e\000w\000a\000r\000d}{section.5.2}% 172
\BOOKMARK [2][-]{subsection.5.2.3}{\376\377\0005\000.\0002\000.\0003\000\040\000R\000e\000w\000a\000r\000d\000\040\000s\000h\000a\000p\000i\000n\000g}{section.5.2}% 173
\BOOKMARK [2][-]{subsection.5.2.4}{\376\377\0005\000.\0002\000.\0004\000\040\000I\000n\000t\000r\000i\000n\000s\000i\000c\000\040\000r\000e\000w\000a\000r\000d}{section.5.2}% 174
\BOOKMARK [3][-]{subsubsection.5.2.4.1}{\376\377\0005\000.\0002\000.\0004\000.\0001\000\040\000K\000n\000o\000w\000l\000e\000d\000g\000e\000-\000b\000a\000s\000e\000d\000\040\000i\000n\000t\000r\000i\000n\000s\000i\000c\000\040\000m\000o\000t\000i\000v\000a\000t\000i\000o\000n}{subsection.5.2.4}% 175
\BOOKMARK [3][-]{subsubsection.5.2.4.2}{\376\377\0005\000.\0002\000.\0004\000.\0002\000\040\000G\000o\000a\000l\000-\000b\000a\000s\000e\000d\000\040\000i\000n\000t\000r\000i\000n\000s\000i\000c\000\040\000m\000o\000t\000i\000v\000a\000t\000i\000o\000n}{subsection.5.2.4}% 176
\BOOKMARK [1][-]{section.5.3}{\376\377\0005\000.\0003\000\040\000H\000i\000e\000r\000a\000r\000c\000h\000i\000c\000a\000l\000\040\000R\000L}{chapter.5}% 177
\BOOKMARK [2][-]{subsection.5.3.1}{\376\377\0005\000.\0003\000.\0001\000\040\000F\000e\000u\000d\000a\000l\000\040\000\050\000g\000o\000a\000l\000-\000c\000o\000n\000d\000i\000t\000i\000o\000n\000e\000d\000\051\000\040\000H\000R\000L}{section.5.3}% 178
\BOOKMARK [3][-]{subsubsection.5.3.1.1}{\376\377\0005\000.\0003\000.\0001\000.\0001\000\040\000H\000i\000n\000d\000s\000i\000g\000h\000t\000\040\000E\000x\000p\000e\000r\000i\000e\000n\000c\000e\000\040\000R\000e\000l\000a\000b\000e\000l\000i\000n\000g\000\040\000\050\000H\000E\000R\000\051}{subsection.5.3.1}% 179
\BOOKMARK [3][-]{subsubsection.5.3.1.2}{\376\377\0005\000.\0003\000.\0001\000.\0002\000\040\000H\000i\000e\000r\000a\000r\000c\000h\000i\000c\000a\000l\000\040\000H\000E\000R}{subsection.5.3.1}% 180
\BOOKMARK [3][-]{subsubsection.5.3.1.3}{\376\377\0005\000.\0003\000.\0001\000.\0003\000\040\000L\000e\000a\000r\000n\000i\000n\000g\000\040\000t\000h\000e\000\040\000s\000u\000b\000g\000o\000a\000l\000\040\000s\000p\000a\000c\000e}{subsection.5.3.1}% 181
\BOOKMARK [2][-]{subsection.5.3.2}{\376\377\0005\000.\0003\000.\0002\000\040\000O\000p\000t\000i\000o\000n\000s}{section.5.3}% 182
\BOOKMARK [3][-]{subsubsection.5.3.2.1}{\376\377\0005\000.\0003\000.\0002\000.\0001\000\040\000D\000e\000f\000i\000n\000i\000t\000i\000o\000n\000s}{subsection.5.3.2}% 183
\BOOKMARK [3][-]{subsubsection.5.3.2.2}{\376\377\0005\000.\0003\000.\0002\000.\0002\000\040\000L\000e\000a\000r\000n\000i\000n\000g\000\040\000o\000p\000t\000i\000o\000n\000s}{subsection.5.3.2}% 184
\BOOKMARK [1][-]{section.5.4}{\376\377\0005\000.\0004\000\040\000I\000m\000i\000t\000a\000t\000i\000o\000n\000\040\000l\000e\000a\000r\000n\000i\000n\000g}{chapter.5}% 185
\BOOKMARK [2][-]{subsection.5.4.1}{\376\377\0005\000.\0004\000.\0001\000\040\000I\000m\000i\000t\000a\000t\000i\000o\000n\000\040\000l\000e\000a\000r\000n\000i\000n\000g\000\040\000b\000y\000\040\000b\000e\000h\000a\000v\000i\000o\000r\000\040\000c\000l\000o\000n\000i\000n\000g}{section.5.4}% 186
\BOOKMARK [2][-]{subsection.5.4.2}{\376\377\0005\000.\0004\000.\0002\000\040\000I\000m\000i\000t\000a\000t\000i\000o\000n\000\040\000l\000e\000a\000r\000n\000i\000n\000g\000\040\000b\000y\000\040\000i\000n\000v\000e\000r\000s\000e\000\040\000r\000e\000i\000n\000f\000o\000r\000c\000e\000m\000e\000n\000t\000\040\000l\000e\000a\000r\000n\000i\000n\000g}{section.5.4}% 187
\BOOKMARK [2][-]{subsection.5.4.3}{\376\377\0005\000.\0004\000.\0003\000\040\000I\000m\000i\000t\000a\000t\000i\000o\000n\000\040\000l\000e\000a\000r\000n\000i\000n\000g\000\040\000b\000y\000\040\000d\000i\000v\000e\000r\000g\000e\000n\000c\000e\000\040\000m\000i\000n\000i\000m\000i\000z\000a\000t\000i\000o\000n}{section.5.4}% 188
\BOOKMARK [1][-]{section.5.5}{\376\377\0005\000.\0005\000\040\000O\000f\000f\000l\000i\000n\000e\000\040\000R\000L}{chapter.5}% 189
\BOOKMARK [2][-]{subsection.5.5.1}{\376\377\0005\000.\0005\000.\0001\000\040\000O\000f\000f\000l\000i\000n\000e\000\040\000m\000o\000d\000e\000l\000-\000f\000r\000e\000e\000\040\000R\000L}{section.5.5}% 190
\BOOKMARK [3][-]{subsubsection.5.5.1.1}{\376\377\0005\000.\0005\000.\0001\000.\0001\000\040\000P\000o\000l\000i\000c\000y\000\040\000c\000o\000n\000s\000t\000r\000a\000i\000n\000t\000\040\000m\000e\000t\000h\000o\000d\000s}{subsection.5.5.1}% 191
\BOOKMARK [3][-]{subsubsection.5.5.1.2}{\376\377\0005\000.\0005\000.\0001\000.\0002\000\040\000B\000e\000h\000a\000v\000i\000o\000r\000-\000c\000o\000n\000s\000t\000r\000a\000i\000n\000e\000d\000\040\000p\000o\000l\000i\000c\000y\000\040\000g\000r\000a\000d\000i\000e\000n\000t\000\040\000m\000e\000t\000h\000o\000d\000s}{subsection.5.5.1}% 192
\BOOKMARK [3][-]{subsubsection.5.5.1.3}{\376\377\0005\000.\0005\000.\0001\000.\0003\000\040\000U\000n\000c\000e\000r\000t\000a\000i\000n\000t\000y\000\040\000p\000e\000n\000a\000l\000t\000i\000e\000s}{subsection.5.5.1}% 193
\BOOKMARK [3][-]{subsubsection.5.5.1.4}{\376\377\0005\000.\0005\000.\0001\000.\0004\000\040\000C\000o\000n\000s\000e\000r\000v\000a\000t\000i\000v\000e\000\040\000Q\000-\000l\000e\000a\000r\000n\000i\000n\000g\000\040\000a\000n\000d\000\040\000p\000e\000s\000s\000i\000m\000i\000s\000t\000i\000c\000\040\000v\000a\000l\000u\000e\000\040\000f\000u\000n\000c\000t\000i\000o\000n\000s}{subsection.5.5.1}% 194
\BOOKMARK [2][-]{subsection.5.5.2}{\376\377\0005\000.\0005\000.\0002\000\040\000O\000f\000f\000l\000i\000n\000e\000\040\000m\000o\000d\000e\000l\000-\000b\000a\000s\000e\000d\000\040\000R\000L}{section.5.5}% 195
\BOOKMARK [2][-]{subsection.5.5.3}{\376\377\0005\000.\0005\000.\0003\000\040\000O\000f\000f\000l\000i\000n\000e\000\040\000R\000L\000\040\000u\000s\000i\000n\000g\000\040\000r\000e\000w\000a\000r\000d\000-\000c\000o\000n\000d\000i\000t\000i\000o\000n\000e\000d\000\040\000s\000e\000q\000u\000e\000n\000c\000e\000\040\000m\000o\000d\000e\000l\000i\000n\000g}{section.5.5}% 196
\BOOKMARK [2][-]{subsection.5.5.4}{\376\377\0005\000.\0005\000.\0004\000\040\000H\000y\000b\000r\000i\000d\000\040\000o\000f\000f\000l\000i\000n\000e\000/\000o\000n\000l\000i\000n\000e\000\040\000m\000e\000t\000h\000o\000d\000s}{section.5.5}% 197
\BOOKMARK [1][-]{section.5.6}{\376\377\0005\000.\0006\000\040\000L\000L\000M\000s\000\040\000a\000n\000d\000\040\000R\000L}{chapter.5}% 198
\BOOKMARK [2][-]{subsection.5.6.1}{\376\377\0005\000.\0006\000.\0001\000\040\000R\000L\000\040\000f\000o\000r\000\040\000L\000L\000M\000s}{section.5.6}% 199
\BOOKMARK [3][-]{subsubsection.5.6.1.1}{\376\377\0005\000.\0006\000.\0001\000.\0001\000\040\000R\000L\000H\000F}{subsection.5.6.1}% 200
\BOOKMARK [3][-]{subsubsection.5.6.1.2}{\376\377\0005\000.\0006\000.\0001\000.\0002\000\040\000A\000s\000s\000i\000s\000t\000a\000n\000c\000e\000\040\000g\000a\000m\000e}{subsection.5.6.1}% 201
\BOOKMARK [3][-]{subsubsection.5.6.1.3}{\376\377\0005\000.\0006\000.\0001\000.\0003\000\040\000R\000u\000n\000-\000t\000i\000m\000e\000\040\000i\000n\000f\000e\000r\000e\000n\000c\000e\000\040\000a\000s\000\040\000M\000P\000C}{subsection.5.6.1}% 202
\BOOKMARK [2][-]{subsection.5.6.2}{\376\377\0005\000.\0006\000.\0002\000\040\000L\000L\000M\000s\000\040\000f\000o\000r\000\040\000R\000L}{section.5.6}% 203
\BOOKMARK [3][-]{subsubsection.5.6.2.1}{\376\377\0005\000.\0006\000.\0002\000.\0001\000\040\000L\000L\000M\000s\000\040\000f\000o\000r\000\040\000p\000r\000e\000-\000p\000r\000o\000c\000e\000s\000s\000i\000n\000g\000\040\000t\000h\000e\000\040\000i\000n\000p\000u\000t}{subsection.5.6.2}% 204
\BOOKMARK [3][-]{subsubsection.5.6.2.2}{\376\377\0005\000.\0006\000.\0002\000.\0002\000\040\000L\000L\000M\000s\000\040\000f\000o\000r\000\040\000r\000e\000w\000a\000r\000d\000s}{subsection.5.6.2}% 205
\BOOKMARK [3][-]{subsubsection.5.6.2.3}{\376\377\0005\000.\0006\000.\0002\000.\0003\000\040\000L\000L\000M\000s\000\040\000f\000o\000r\000\040\000w\000o\000r\000l\000d\000\040\000m\000o\000d\000e\000l\000s}{subsection.5.6.2}% 206
\BOOKMARK [3][-]{subsubsection.5.6.2.4}{\376\377\0005\000.\0006\000.\0002\000.\0004\000\040\000L\000L\000M\000s\000\040\000f\000o\000r\000\040\000p\000o\000l\000i\000c\000i\000e\000s}{subsection.5.6.2}% 207
\BOOKMARK [1][-]{section.5.7}{\376\377\0005\000.\0007\000\040\000G\000e\000n\000e\000r\000a\000l\000\040\000R\000L\000,\000\040\000A\000I\000X\000I\000\040\000a\000n\000d\000\040\000u\000n\000i\000v\000e\000r\000s\000a\000l\000\040\000A\000G\000I}{chapter.5}% 208
