\BOOKMARK [1][-]{section.1}{Introduction}{}% 1
\BOOKMARK [1][-]{section.2}{Defining and Estimating Intrinsic Dimension}{}% 2
\BOOKMARK [2][-]{subsection.2.1}{Measuring Intrinsic Dimension via Random Subspace Training}{section.2}% 3
\BOOKMARK [2][-]{subsection.2.2}{Details and conventions}{section.2}% 4
\BOOKMARK [1][-]{section.3}{Results and Discussion}{}% 5
\BOOKMARK [2][-]{subsection.3.1}{MNIST}{section.3}% 6
\BOOKMARK [2][-]{subsection.3.2}{CIFAR-10 and ImageNet}{section.3}% 7
\BOOKMARK [2][-]{subsection.3.3}{Reinforcement Learning environments}{section.3}% 8
\BOOKMARK [1][-]{section.4}{Conclusions and Future Directions}{}% 9
\BOOKMARK [1][-]{section.5}{Additional MNIST results and insights}{}% 10
\BOOKMARK [2][-]{subsection.5.1}{Sweeping depths and widths; multiple runs to estimate variance}{section.5}% 11
\BOOKMARK [2][-]{subsection.5.2}{Additional details on shuffled MNIST datasets}{section.5}% 12
\BOOKMARK [2][-]{subsection.5.3}{Training stability}{section.5}% 13
\BOOKMARK [2][-]{subsection.5.4}{The role of optimizers}{section.5}% 14
\BOOKMARK [1][-]{section.6}{Additional Reinforcement Learning results and details}{}% 15
\BOOKMARK [2][-]{subsection.6.1}{DQN experiments}{section.6}% 16
\BOOKMARK [2][-]{subsection.6.2}{Evolutionary Strategies \(ES\) complete results}{section.6}% 17
\BOOKMARK [1][-]{section.7}{Three Methods of random projection}{}% 18
\BOOKMARK [1][-]{section.8}{Additional CIFAR-10 Results}{}% 19
\BOOKMARK [1][-]{section.9}{ImageNet}{}% 20
\BOOKMARK [1][-]{section.10}{Investigation of Convolutional Networks}{}% 21
\BOOKMARK [1][-]{section.11}{Summarization of dint90}{}% 22
