\BOOKMARK [1][-]{section.1}{\376\377\000I\000n\000t\000r\000o\000d\000u\000c\000t\000i\000o\000n}{}% 1
\BOOKMARK [1][-]{section.2}{\376\377\000B\000a\000c\000k\000g\000r\000o\000u\000n\000d\000\040\000a\000n\000d\000\040\000R\000e\000l\000a\000t\000e\000d\000\040\000W\000o\000r\000k}{}% 2
\BOOKMARK [1][-]{section.3}{\376\377\000C\000o\000L\000A\000:\000\040\000C\000o\000m\000p\000o\000s\000i\000t\000i\000o\000n\000a\000l\000\040\000L\000i\000n\000e\000a\000r\000\040\000A\000l\000g\000e\000b\000r\000a}{}% 3
\BOOKMARK [2][-]{subsection.3.1}{\376\377\000D\000e\000r\000i\000v\000i\000n\000g\000\040\000L\000i\000n\000e\000a\000r\000\040\000A\000l\000g\000e\000b\000r\000a\000i\000c\000\040\000O\000p\000e\000r\000a\000t\000i\000o\000n\000s\000\040\000T\000h\000r\000o\000u\000g\000h\000\040\000F\000a\000s\000t\000\040\000M\000V\000M\000s}{section.3}% 4
\BOOKMARK [2][-]{subsection.3.2}{\376\377\000B\000e\000y\000o\000n\000d\000\040\000F\000a\000s\000t\000\040\000M\000V\000M\000s\000:\000\040\000E\000x\000p\000l\000o\000i\000t\000i\000n\000g\000\040\000E\000x\000p\000l\000i\000c\000i\000t\000\040\000S\000t\000r\000u\000c\000t\000u\000r\000e\000\040\000U\000s\000i\000n\000g\000\040\000C\000o\000m\000p\000o\000s\000i\000t\000i\000o\000n\000\040\000R\000u\000l\000e\000s}{section.3}% 5
\BOOKMARK [2][-]{subsection.3.3}{\376\377\000E\000x\000p\000l\000o\000i\000t\000i\000n\000g\000\040\000I\000m\000p\000l\000i\000c\000i\000t\000\040\000S\000t\000r\000u\000c\000t\000u\000r\000e\000\040\000i\000n\000\040\000M\000a\000c\000h\000i\000n\000e\000\040\000L\000e\000a\000r\000n\000i\000n\000g\000\040\000A\000p\000p\000l\000i\000c\000a\000t\000i\000o\000n\000s}{section.3}% 6
\BOOKMARK [2][-]{subsection.3.4}{\376\377\000A\000u\000t\000o\000m\000a\000t\000i\000c\000\040\000D\000i\000f\000f\000e\000r\000e\000n\000t\000i\000a\000t\000i\000o\000n\000\040\000a\000n\000d\000\040\000M\000a\000c\000h\000i\000n\000e\000\040\000L\000e\000a\000r\000n\000i\000n\000g\000\040\000R\000e\000a\000d\000i\000n\000e\000s\000s}{section.3}% 7
\BOOKMARK [1][-]{section.4}{\376\377\000A\000p\000p\000l\000i\000c\000a\000t\000i\000o\000n\000s}{}% 8
\BOOKMARK [1][-]{section.5}{\376\377\000D\000i\000s\000c\000u\000s\000s\000i\000o\000n}{}% 9
\BOOKMARK [1][-]{appendix.A}{\376\377\000D\000i\000s\000p\000a\000t\000c\000h\000\040\000R\000u\000l\000e\000s}{}% 10
\BOOKMARK [2][-]{subsection.A.1}{\376\377\000C\000o\000r\000e\000\040\000F\000u\000n\000c\000t\000i\000o\000n\000s}{appendix.A}% 11
\BOOKMARK [3][-]{subsubsection.A.1.1}{\376\377\000I\000n\000v\000e\000r\000s\000e\000s}{subsection.A.1}% 12
\BOOKMARK [3][-]{subsubsection.A.1.2}{\376\377\000E\000i\000g\000e\000n\000d\000e\000c\000o\000m\000p\000o\000s\000i\000t\000i\000o\000n}{subsection.A.1}% 13
\BOOKMARK [3][-]{subsubsection.A.1.3}{\376\377\000D\000i\000a\000g\000o\000n\000a\000l}{subsection.A.1}% 14
\BOOKMARK [3][-]{subsubsection.A.1.4}{\376\377\000T\000r\000a\000n\000s\000p\000o\000s\000e\000\040\000/\000\040\000A\000d\000j\000o\000i\000n\000t}{subsection.A.1}% 15
\BOOKMARK [3][-]{subsubsection.A.1.5}{\376\377\000P\000s\000e\000u\000d\000o\000-\000i\000n\000v\000e\000r\000s\000e}{subsection.A.1}% 16
\BOOKMARK [2][-]{subsection.A.2}{\376\377\000D\000e\000r\000i\000v\000e\000d\000\040\000F\000u\000n\000c\000t\000i\000o\000n\000s}{appendix.A}% 17
\BOOKMARK [2][-]{subsection.A.3}{\376\377\000O\000t\000h\000e\000r\000\040\000m\000a\000t\000r\000i\000x\000\040\000i\000d\000e\000n\000t\000i\000t\000i\000e\000s}{appendix.A}% 18
\BOOKMARK [1][-]{appendix.B}{\376\377\000F\000e\000a\000t\000u\000r\000e\000s\000\040\000i\000n\000\040\000C\000o\000L\000A}{}% 19
\BOOKMARK [2][-]{subsection.B.1}{\376\377\000D\000o\000u\000b\000l\000y\000\040\000s\000t\000o\000c\000h\000a\000s\000t\000i\000c\000\040\000d\000i\000a\000g\000o\000n\000a\000l\000\040\000a\000n\000d\000\040\000t\000r\000a\000c\000e\000\040\000e\000s\000t\000i\000m\000a\000t\000i\000o\000n}{appendix.B}% 20
\BOOKMARK [2][-]{subsection.B.2}{\376\377\000A\000u\000t\000o\000g\000r\000a\000d\000\040\000r\000u\000l\000e\000s\000\040\000f\000o\000r\000\040\000i\000t\000e\000r\000a\000t\000i\000v\000e\000\040\000a\000l\000g\000o\000r\000i\000t\000h\000m\000s}{appendix.B}% 21
\BOOKMARK [1][-]{appendix.C}{\376\377\000A\000l\000g\000o\000r\000i\000t\000h\000m\000i\000c\000\040\000D\000e\000t\000a\000i\000l\000s}{}% 22
\BOOKMARK [2][-]{subsection.C.1}{\376\377\000S\000V\000R\000G}{appendix.C}% 23
\BOOKMARK [2][-]{subsection.C.2}{\376\377\000I\000t\000e\000r\000a\000t\000i\000v\000e\000\040\000m\000e\000t\000h\000o\000d\000s}{appendix.C}% 24
\BOOKMARK [2][-]{subsection.C.3}{\376\377\000L\000o\000w\000e\000r\000\040\000p\000r\000e\000c\000i\000s\000i\000o\000n\000\040\000l\000i\000n\000e\000a\000r\000\040\000a\000l\000g\000e\000b\000r\000a}{appendix.C}% 25
\BOOKMARK [1][-]{appendix.D}{\376\377\000E\000x\000p\000e\000r\000i\000m\000e\000n\000t\000a\000l\000\040\000D\000e\000t\000a\000i\000l\000s}{}% 26
\BOOKMARK [2][-]{subsection.D.1}{\376\377\000D\000a\000t\000a\000s\000e\000t\000s}{appendix.D}% 27
\BOOKMARK [2][-]{subsection.D.2}{\376\377\000C\000o\000m\000p\000o\000s\000i\000t\000i\000o\000n\000a\000l\000\040\000e\000x\000p\000e\000r\000i\000m\000e\000n\000t\000s}{appendix.D}% 28
\BOOKMARK [2][-]{subsection.D.3}{\376\377\000S\000u\000m\000\040\000s\000t\000r\000u\000c\000t\000u\000r\000e\000\040\000e\000x\000p\000e\000r\000i\000m\000e\000n\000t\000s}{appendix.D}% 29
\BOOKMARK [2][-]{subsection.D.4}{\376\377\000H\000a\000r\000d\000w\000a\000r\000e\000\040\000s\000p\000e\000e\000d\000-\000u\000p\000\040\000c\000o\000m\000p\000a\000r\000i\000s\000o\000n\000s}{appendix.D}% 30
\BOOKMARK [2][-]{subsection.D.5}{\376\377\000A\000p\000p\000l\000i\000c\000a\000t\000i\000o\000n\000s}{appendix.D}% 31
