\BOOKMARK [1][-]{section.1}{Introduction}{}% 1
\BOOKMARK [1][-]{section.2}{Background}{}% 2
\BOOKMARK [2][-]{subsection.2.1}{Plug and Play}{section.2}% 3
\BOOKMARK [2][-]{subsection.2.2}{Flow Matching}{section.2}% 4
\BOOKMARK [1][-]{section.3}{PnP meets Flow Matching}{}% 5
\BOOKMARK [2][-]{subsection.3.1}{Denoising Operator from Flow Matching}{section.3}% 6
\BOOKMARK [2][-]{subsection.3.2}{PnP Flow Matching Algorithm}{section.3}% 7
\BOOKMARK [1][-]{section.4}{Related Work}{}% 8
\BOOKMARK [1][-]{section.5}{Numerical Experiments}{}% 9
\BOOKMARK [2][-]{subsection.5.1}{Baselines}{section.5}% 10
\BOOKMARK [2][-]{subsection.5.2}{Experimental setup}{section.5}% 11
\BOOKMARK [2][-]{subsection.5.3}{Main results}{section.5}% 12
\BOOKMARK [2][-]{subsection.5.4}{Practical aspects }{section.5}% 13
\BOOKMARK [1][-]{section.6}{Conclusion}{}% 14
\BOOKMARK [1][-]{appendix.A}{Appendix}{}% 15
\BOOKMARK [2][-]{subsection.A.1}{Proof of Proposition 1}{appendix.A}% 16
\BOOKMARK [2][-]{subsection.A.2}{Proof of Proposition 4}{appendix.A}% 17
\BOOKMARK [2][-]{subsection.A.3}{Numerical results using a latent Dirichlet distribution}{appendix.A}% 18
\BOOKMARK [2][-]{subsection.A.4}{Sensitivity to initialization}{appendix.A}% 19
\BOOKMARK [2][-]{subsection.A.5}{Experiments with Rectified Flows}{appendix.A}% 20
\BOOKMARK [2][-]{subsection.A.6}{Progression of the PnP-Flow reconstruction with time}{appendix.A}% 21
\BOOKMARK [2][-]{subsection.A.7}{Additional visual results}{appendix.A}% 22
\BOOKMARK [2][-]{subsection.A.8}{Optimal hyper-parameters values}{appendix.A}% 23
