\BOOKMARK [1][-]{section.1}{\376\377\000I\000n\000t\000r\000o\000d\000u\000c\000t\000i\000o\000n}{}% 1
\BOOKMARK [1][-]{section.2}{\376\377\000P\000r\000e\000l\000i\000m\000i\000n\000a\000r\000y}{}% 2
\BOOKMARK [2][-]{subsection.2.1}{\376\377\000T\000r\000a\000n\000s\000f\000o\000r\000m\000e\000r\000\040\000A\000r\000c\000h\000i\000t\000e\000c\000t\000u\000r\000e}{section.2}% 3
\BOOKMARK [3][-]{subsubsection.2.1.1}{\376\377\000T\000r\000a\000n\000s\000f\000o\000r\000m\000e\000r\000\040\000D\000e\000c\000o\000d\000e\000r}{subsection.2.1}% 4
\BOOKMARK [3][-]{subsubsection.2.1.2}{\376\377\000A\000u\000t\000o\000-\000r\000e\000g\000r\000e\000s\000s\000i\000v\000e\000\040\000G\000e\000n\000e\000r\000a\000t\000i\000o\000n\000\040\000M\000e\000c\000h\000a\000n\000i\000s\000m}{subsection.2.1}% 5
\BOOKMARK [2][-]{subsection.2.2}{\376\377\000K\000e\000y\000-\000V\000a\000l\000u\000e\000\040\000C\000a\000c\000h\000e\000\040\000i\000n\000\040\000T\000r\000a\000n\000s\000f\000o\000r\000m\000e\000r\000\040\000M\000o\000d\000e\000l\000s}{section.2}% 6
\BOOKMARK [3][-]{subsubsection.2.2.1}{\376\377\000A\000u\000t\000o\000-\000r\000e\000g\000r\000e\000s\000s\000i\000v\000e\000\040\000G\000e\000n\000e\000r\000a\000t\000i\000o\000n\000\040\000w\000i\000t\000h\000\040\000K\000V\000\040\000C\000a\000c\000h\000e}{subsection.2.2}% 7
\BOOKMARK [3][-]{subsubsection.2.2.2}{\376\377\000T\000i\000m\000e\000\040\000a\000n\000d\000\040\000S\000p\000a\000c\000e\000\040\000C\000o\000m\000p\000l\000e\000x\000i\000t\000y\000\040\000A\000n\000a\000l\000y\000s\000i\000s}{subsection.2.2}% 8
\BOOKMARK [2][-]{subsection.2.3}{\376\377\000C\000h\000a\000l\000l\000e\000n\000g\000e\000s\000\040\000i\000n\000\040\000K\000V\000\040\000C\000a\000c\000h\000e\000\040\000M\000a\000n\000a\000g\000e\000m\000e\000n\000t}{section.2}% 9
\BOOKMARK [1][-]{section.3}{\376\377\000T\000a\000x\000o\000n\000o\000m\000y}{}% 10
\BOOKMARK [1][-]{section.4}{\376\377\000T\000o\000k\000e\000n\000-\000l\000e\000v\000e\000l\000\040\000O\000p\000t\000i\000m\000i\000z\000a\000t\000i\000o\000n\000\040}{}% 11
\BOOKMARK [2][-]{subsection.4.1}{\376\377\000K\000V\000\040\000C\000a\000c\000h\000e\000\040\000S\000e\000l\000e\000c\000t\000i\000o\000n}{section.4}% 12
\BOOKMARK [3][-]{subsubsection.4.1.1}{\376\377\000S\000t\000a\000t\000i\000c\000\040\000K\000V\000\040\000C\000a\000c\000h\000e\000\040\000S\000e\000l\000e\000c\000t\000i\000o\000n}{subsection.4.1}% 13
\BOOKMARK [3][-]{subsubsection.4.1.2}{\376\377\000D\000y\000n\000a\000m\000i\000c\000\040\000S\000e\000l\000e\000c\000t\000i\000o\000n\000\040\000w\000i\000t\000h\000\040\000P\000e\000r\000m\000a\000n\000e\000n\000t\000\040\000E\000v\000i\000c\000t\000i\000o\000n}{subsection.4.1}% 14
\BOOKMARK [3][-]{subsubsection.4.1.3}{\376\377\000D\000y\000n\000a\000m\000i\000c\000\040\000S\000e\000l\000e\000c\000t\000i\000o\000n\000\040\000w\000i\000t\000h\000o\000u\000t\000\040\000P\000e\000r\000m\000a\000n\000e\000n\000t\000\040\000E\000v\000i\000c\000t\000i\000o\000n}{subsection.4.1}% 15
\BOOKMARK [3][-]{subsubsection.4.1.4}{\376\377\000S\000u\000m\000m\000a\000r\000y\000\040\000a\000n\000d\000\040\000F\000u\000t\000u\000r\000e\000\040\000D\000i\000r\000e\000c\000t\000i\000o\000n\000s}{subsection.4.1}% 16
\BOOKMARK [2][-]{subsection.4.2}{\376\377\000K\000V\000\040\000C\000a\000c\000h\000e\000\040\000B\000u\000d\000g\000e\000t\000\040\000A\000l\000l\000o\000c\000a\000t\000i\000o\000n}{section.4}% 17
\BOOKMARK [3][-]{subsubsection.4.2.1}{\376\377\000L\000a\000y\000e\000r\000-\000w\000i\000s\000e\000\040\000B\000u\000d\000g\000e\000t\000\040\000A\000l\000l\000o\000c\000a\000t\000i\000o\000n}{subsection.4.2}% 18
\BOOKMARK [3][-]{subsubsection.4.2.2}{\376\377\000H\000e\000a\000d\000-\000w\000i\000s\000e\000\040\000B\000u\000d\000g\000e\000t\000\040\000A\000l\000l\000o\000c\000a\000t\000i\000o\000n}{subsection.4.2}% 19
\BOOKMARK [3][-]{subsubsection.4.2.3}{\376\377\000S\000u\000m\000m\000a\000r\000y\000\040\000a\000n\000d\000\040\000F\000u\000t\000u\000r\000e\000\040\000D\000i\000r\000e\000c\000t\000i\000o\000n\000s}{subsection.4.2}% 20
\BOOKMARK [2][-]{subsection.4.3}{\376\377\000K\000V\000\040\000C\000a\000c\000h\000e\000\040\000M\000e\000r\000g\000i\000n\000g}{section.4}% 21
\BOOKMARK [3][-]{subsubsection.4.3.1}{\376\377\000I\000n\000t\000r\000a\000-\000l\000a\000y\000e\000r\000\040\000M\000e\000r\000g\000i\000n\000g}{subsection.4.3}% 22
\BOOKMARK [3][-]{subsubsection.4.3.2}{\376\377\000C\000r\000o\000s\000s\000-\000l\000a\000y\000e\000r\000\040\000M\000e\000r\000g\000i\000n\000g}{subsection.4.3}% 23
\BOOKMARK [3][-]{subsubsection.4.3.3}{\376\377\000S\000u\000m\000m\000a\000r\000y\000\040\000a\000n\000d\000\040\000F\000u\000t\000u\000r\000e\000\040\000D\000i\000r\000e\000c\000t\000i\000o\000n\000s}{subsection.4.3}% 24
\BOOKMARK [2][-]{subsection.4.4}{\376\377\000K\000V\000\040\000C\000a\000c\000h\000e\000\040\000Q\000u\000a\000n\000t\000i\000z\000a\000t\000i\000o\000n}{section.4}% 25
\BOOKMARK [3][-]{subsubsection.4.4.1}{\376\377\000F\000i\000x\000e\000d\000-\000p\000r\000e\000c\000i\000s\000i\000o\000n\000\040\000Q\000u\000a\000n\000t\000i\000z\000a\000t\000i\000o\000n}{subsection.4.4}% 26
\BOOKMARK [3][-]{subsubsection.4.4.2}{\376\377\000M\000i\000x\000e\000d\000-\000p\000r\000e\000c\000i\000s\000i\000o\000n\000\040\000q\000u\000a\000n\000t\000i\000z\000a\000t\000i\000o\000n}{subsection.4.4}% 27
\BOOKMARK [3][-]{subsubsection.4.4.3}{\376\377\000O\000u\000t\000l\000i\000e\000r\000\040\000R\000e\000d\000i\000s\000t\000r\000i\000b\000u\000t\000i\000o\000n\000\040}{subsection.4.4}% 28
\BOOKMARK [3][-]{subsubsection.4.4.4}{\376\377\000S\000u\000m\000m\000a\000r\000y\000\040\000a\000n\000d\000\040\000F\000u\000t\000u\000r\000e\000\040\000D\000i\000r\000e\000c\000t\000i\000o\000n\000s}{subsection.4.4}% 29
\BOOKMARK [2][-]{subsection.4.5}{\376\377\000K\000V\000\040\000C\000a\000c\000h\000e\000\040\000L\000o\000w\000-\000r\000a\000n\000k\000\040\000D\000e\000c\000o\000m\000p\000o\000s\000i\000t\000i\000o\000n}{section.4}% 30
\BOOKMARK [3][-]{subsubsection.4.5.1}{\376\377\000S\000i\000n\000g\000u\000l\000a\000r\000\040\000V\000a\000l\000u\000e\000\040\000D\000e\000c\000o\000m\000p\000o\000s\000i\000t\000i\000o\000n}{subsection.4.5}% 31
\BOOKMARK [3][-]{subsubsection.4.5.2}{\376\377\000T\000e\000n\000s\000o\000r\000\040\000D\000e\000c\000o\000m\000p\000o\000s\000i\000t\000i\000o\000n}{subsection.4.5}% 32
\BOOKMARK [3][-]{subsubsection.4.5.3}{\376\377\000L\000e\000a\000r\000n\000e\000d\000\040\000L\000o\000w\000-\000r\000a\000n\000k\000\040\000A\000p\000p\000r\000o\000x\000i\000m\000a\000t\000i\000o\000n}{subsection.4.5}% 33
\BOOKMARK [3][-]{subsubsection.4.5.4}{\376\377\000S\000u\000m\000m\000a\000r\000y\000\040\000a\000n\000d\000\040\000F\000u\000t\000u\000r\000e\000\040\000D\000i\000r\000e\000c\000t\000i\000o\000n\000s}{subsection.4.5}% 34
\BOOKMARK [1][-]{section.5}{\376\377\000M\000o\000d\000e\000l\000-\000l\000e\000v\000e\000l\000\040\000O\000p\000t\000i\000m\000i\000z\000a\000t\000i\000o\000n}{}% 35
\BOOKMARK [2][-]{subsection.5.1}{\376\377\000A\000t\000t\000e\000n\000t\000i\000o\000n\000\040\000G\000r\000o\000u\000p\000i\000n\000g\000\040\000a\000n\000d\000\040\000S\000h\000a\000r\000i\000n\000g}{section.5}% 36
\BOOKMARK [3][-]{subsubsection.5.1.1}{\376\377\000I\000n\000t\000r\000a\000-\000l\000a\000y\000e\000r\000\040\000G\000r\000o\000u\000p\000i\000n\000g}{subsection.5.1}% 37
\BOOKMARK [3][-]{subsubsection.5.1.2}{\376\377\000C\000r\000o\000s\000s\000-\000l\000a\000y\000e\000r\000\040\000S\000h\000a\000r\000i\000n\000g}{subsection.5.1}% 38
\BOOKMARK [3][-]{subsubsection.5.1.3}{\376\377\000S\000u\000m\000m\000a\000r\000y\000\040\000a\000n\000d\000\040\000F\000u\000t\000u\000r\000e\000\040\000D\000i\000r\000e\000c\000t\000i\000o\000n\000s}{subsection.5.1}% 39
\BOOKMARK [2][-]{subsection.5.2}{\376\377\000A\000r\000c\000h\000i\000t\000e\000c\000t\000u\000r\000e\000\040\000A\000l\000t\000e\000r\000a\000t\000i\000o\000n}{section.5}% 40
\BOOKMARK [3][-]{subsubsection.5.2.1}{\376\377\000E\000n\000h\000a\000n\000c\000e\000d\000\040\000A\000t\000t\000e\000n\000t\000i\000o\000n}{subsection.5.2}% 41
\BOOKMARK [3][-]{subsubsection.5.2.2}{\376\377\000A\000u\000g\000m\000e\000n\000t\000e\000d\000\040\000A\000r\000c\000h\000i\000t\000e\000c\000t\000u\000r\000e}{subsection.5.2}% 42
\BOOKMARK [3][-]{subsubsection.5.2.3}{\376\377\000S\000u\000m\000m\000a\000r\000y\000\040\000a\000n\000d\000\040\000F\000u\000t\000u\000r\000e\000\040\000D\000i\000r\000e\000c\000t\000i\000o\000n\000s}{subsection.5.2}% 43
\BOOKMARK [2][-]{subsection.5.3}{\376\377\000N\000o\000n\000-\000T\000r\000a\000n\000s\000f\000o\000r\000m\000e\000r\000\040\000A\000r\000c\000h\000i\000t\000e\000c\000t\000u\000r\000e}{section.5}% 44
\BOOKMARK [3][-]{subsubsection.5.3.1}{\376\377\000A\000d\000a\000p\000t\000i\000v\000e\000\040\000S\000e\000q\000u\000e\000n\000c\000e\000\040\000P\000r\000o\000c\000e\000s\000s\000i\000n\000g\000\040\000A\000r\000c\000h\000i\000t\000e\000c\000t\000u\000r\000e\000s}{subsection.5.3}% 45
\BOOKMARK [3][-]{subsubsection.5.3.2}{\376\377\000H\000y\000b\000r\000i\000d\000\040\000A\000r\000c\000h\000i\000t\000e\000c\000t\000u\000r\000e}{subsection.5.3}% 46
\BOOKMARK [3][-]{subsubsection.5.3.3}{\376\377\000S\000u\000m\000m\000a\000r\000y\000\040\000a\000n\000d\000\040\000F\000u\000t\000u\000r\000e\000\040\000D\000i\000r\000e\000c\000t\000i\000o\000n\000s}{subsection.5.3}% 47
\BOOKMARK [1][-]{section.6}{\376\377\000S\000y\000s\000t\000e\000m\000-\000l\000e\000v\000e\000l\000\040\000O\000p\000t\000i\000m\000i\000z\000a\000t\000i\000o\000n}{}% 48
\BOOKMARK [2][-]{subsection.6.1}{\376\377\000M\000e\000m\000o\000r\000y\000\040\000M\000a\000n\000a\000g\000e\000m\000e\000n\000t}{section.6}% 49
\BOOKMARK [3][-]{subsubsection.6.1.1}{\376\377\000A\000r\000c\000h\000i\000t\000e\000c\000t\000u\000r\000a\000l\000\040\000D\000e\000s\000i\000g\000n}{subsection.6.1}% 50
\BOOKMARK [3][-]{subsubsection.6.1.2}{\376\377\000P\000r\000e\000f\000i\000x\000-\000a\000w\000a\000r\000e\000\040\000D\000e\000s\000i\000g\000n}{subsection.6.1}% 51
\BOOKMARK [3][-]{subsubsection.6.1.3}{\376\377\000S\000u\000m\000m\000a\000r\000y\000\040\000a\000n\000d\000\040\000F\000u\000t\000u\000r\000e\000\040\000D\000i\000r\000e\000c\000t\000i\000o\000n\000s}{subsection.6.1}% 52
\BOOKMARK [2][-]{subsection.6.2}{\376\377\000S\000c\000h\000e\000d\000u\000l\000i\000n\000g}{section.6}% 53
\BOOKMARK [3][-]{subsubsection.6.2.1}{\376\377\000P\000r\000e\000f\000i\000x\000-\000a\000w\000a\000r\000e\000\040\000S\000c\000h\000e\000d\000u\000l\000i\000n\000g}{subsection.6.2}% 54
\BOOKMARK [3][-]{subsubsection.6.2.2}{\376\377\000P\000r\000e\000e\000m\000p\000t\000i\000v\000e\000\040\000a\000n\000d\000\040\000F\000a\000i\000r\000n\000e\000s\000s\000-\000o\000r\000i\000e\000n\000t\000e\000d\000\040\000s\000c\000h\000e\000d\000u\000l\000i\000n\000g}{subsection.6.2}% 55
\BOOKMARK [3][-]{subsubsection.6.2.3}{\376\377\000L\000a\000y\000e\000r\000-\000s\000p\000e\000c\000i\000f\000i\000c\000\040\000a\000n\000d\000\040\000H\000i\000e\000r\000a\000r\000c\000h\000i\000c\000a\000l\000\040\000S\000c\000h\000e\000d\000u\000l\000i\000n\000g}{subsection.6.2}% 56
\BOOKMARK [3][-]{subsubsection.6.2.4}{\376\377\000S\000u\000m\000m\000a\000r\000y\000\040\000a\000n\000d\000\040\000F\000u\000t\000u\000r\000e\000\040\000D\000i\000r\000e\000c\000t\000i\000o\000n\000s}{subsection.6.2}% 57
\BOOKMARK [2][-]{subsection.6.3}{\376\377\000H\000a\000r\000d\000w\000a\000r\000e\000-\000a\000w\000a\000r\000e\000\040\000D\000e\000s\000i\000g\000n}{section.6}% 58
\BOOKMARK [3][-]{subsubsection.6.3.1}{\376\377\000S\000i\000n\000g\000l\000e\000/\000M\000u\000l\000t\000i\000-\000G\000P\000U\000\040\000D\000e\000s\000i\000g\000n}{subsection.6.3}% 59
\BOOKMARK [3][-]{subsubsection.6.3.2}{\376\377\000I\000/\000O\000-\000b\000a\000s\000e\000d\000\040\000D\000e\000s\000i\000g\000n}{subsection.6.3}% 60
\BOOKMARK [3][-]{subsubsection.6.3.3}{\376\377\000H\000e\000t\000e\000r\000o\000g\000e\000n\000e\000o\000u\000s\000\040\000D\000e\000s\000i\000g\000n}{subsection.6.3}% 61
\BOOKMARK [3][-]{subsubsection.6.3.4}{\376\377\000S\000o\000l\000i\000d\000-\000s\000t\000a\000t\000e\000\040\000D\000i\000s\000k\000\040\000\050\000S\000S\000D\000\051\000-\000b\000a\000s\000e\000d\000\040\000D\000e\000s\000i\000g\000n}{subsection.6.3}% 62
\BOOKMARK [3][-]{subsubsection.6.3.5}{\376\377\000S\000u\000m\000m\000a\000r\000y\000\040\000a\000n\000d\000\040\000F\000u\000t\000u\000r\000e\000\040\000D\000i\000r\000e\000c\000t\000i\000o\000n\000s}{subsection.6.3}% 63
\BOOKMARK [1][-]{section.7}{\376\377\000T\000e\000x\000t\000\040\000a\000n\000d\000\040\000M\000u\000l\000t\000i\000-\000m\000o\000d\000a\000l\000\040\000D\000a\000t\000a\000s\000e\000t\000s}{}% 64
\BOOKMARK [2][-]{subsection.7.1}{\376\377\000T\000e\000x\000t\000\040\000D\000a\000t\000a\000s\000e\000t}{section.7}% 65
\BOOKMARK [3][-]{subsubsection.7.1.1}{\376\377\000Q\000u\000e\000s\000t\000i\000o\000n\000\040\000A\000n\000s\000w\000e\000r\000i\000n\000g\000\040\000\050\000Q\000A\000\051\000\040\000T\000a\000s\000k}{subsection.7.1}% 66
\BOOKMARK [3][-]{subsubsection.7.1.2}{\376\377\000T\000e\000x\000t\000\040\000S\000u\000m\000m\000a\000r\000i\000z\000a\000t\000i\000o\000n\000\040\000T\000a\000s\000k}{subsection.7.1}% 67
\BOOKMARK [3][-]{subsubsection.7.1.3}{\376\377\000T\000e\000x\000t\000\040\000R\000e\000a\000s\000o\000n\000i\000n\000g\000\040\000T\000a\000s\000k}{subsection.7.1}% 68
\BOOKMARK [3][-]{subsubsection.7.1.4}{\376\377\000T\000e\000x\000t\000\040\000R\000e\000t\000r\000i\000e\000v\000a\000l\000\040\000T\000a\000s\000k}{subsection.7.1}% 69
\BOOKMARK [3][-]{subsubsection.7.1.5}{\376\377\000T\000e\000x\000t\000\040\000G\000e\000n\000e\000r\000a\000t\000i\000o\000n\000\040\000T\000a\000s\000k}{subsection.7.1}% 70
\BOOKMARK [3][-]{subsubsection.7.1.6}{\376\377\000A\000g\000g\000r\000e\000g\000a\000t\000i\000o\000n\000\040\000T\000a\000s\000k}{subsection.7.1}% 71
\BOOKMARK [3][-]{subsubsection.7.1.7}{\376\377\000E\000v\000a\000l\000u\000a\000t\000i\000o\000n\000\040\000M\000e\000t\000r\000i\000c\000\040\000f\000o\000r\000\040\000T\000e\000x\000t\000\040\000D\000a\000t\000a\000s\000e\000t\000s}{subsection.7.1}% 72
\BOOKMARK [2][-]{subsection.7.2}{\376\377\000M\000u\000l\000t\000i\000m\000o\000d\000a\000l\000\040\000D\000a\000t\000a\000s\000e\000t\000s\000\040\000a\000n\000d\000\040\000E\000v\000a\000l\000u\000a\000t\000i\000o\000n\000\040\000M\000e\000t\000r\000i\000c}{section.7}% 73
\BOOKMARK [3][-]{subsubsection.7.2.1}{\376\377\000M\000u\000l\000t\000i\000m\000o\000d\000a\000l\000\040\000D\000a\000t\000a\000s\000e\000t\000s}{subsection.7.2}% 74
\BOOKMARK [3][-]{subsubsection.7.2.2}{\376\377\000E\000v\000a\000l\000u\000a\000t\000i\000o\000n\000\040\000M\000e\000t\000r\000i\000c\000\040\000f\000o\000r\000\040\000M\000u\000l\000t\000i\000m\000o\000d\000a\000l\000\040\000D\000a\000t\000a\000s\000e\000t\000s}{subsection.7.2}% 75
\BOOKMARK [1][-]{section.8}{\376\377\000C\000o\000n\000c\000l\000u\000s\000i\000o\000n}{}% 76
\BOOKMARK [1][-]{section*.1}{\376\377\000R\000e\000f\000e\000r\000e\000n\000c\000e\000s}{}% 77
