\BOOKMARK [1][-]{section.1}{Introduction}{}% 1
\BOOKMARK [1][-]{section.2}{Background}{}% 2
\BOOKMARK [2][-]{subsection.2.1}{Kronecker Product}{section.2}% 3
\BOOKMARK [2][-]{subsection.2.2}{Adapter Layers}{section.2}% 4
\BOOKMARK [1][-]{section.3}{Method}{}% 5
\BOOKMARK [2][-]{subsection.3.1}{Compact and Efficient Adapter Layers}{section.3}% 6
\BOOKMARK [2][-]{subsection.3.2}{Beyond Hypercomplex Adapters}{section.3}% 7
\BOOKMARK [1][-]{section.4}{Parameter Efficiency}{}% 8
\BOOKMARK [1][-]{section.5}{Experiments}{}% 9
\BOOKMARK [2][-]{subsection.5.1}{Baselines}{section.5}% 10
\BOOKMARK [2][-]{subsection.5.2}{Our Methods}{section.5}% 11
\BOOKMARK [2][-]{subsection.5.3}{Results on the GLUE Benchmark}{section.5}% 12
\BOOKMARK [2][-]{subsection.5.4}{Results on the SuperGLUE Benchmark}{section.5}% 13
\BOOKMARK [2][-]{subsection.5.5}{Efficiency Evaluation}{section.5}% 14
\BOOKMARK [2][-]{subsection.5.6}{Low-resource Fine-tuning}{section.5}% 15
\BOOKMARK [1][-]{section.6}{Related Work}{}% 16
\BOOKMARK [1][-]{section.7}{Conclusion}{}% 17
\BOOKMARK [1][-]{appendix.A}{Experimental Details}{}% 18
\BOOKMARK [1][-]{appendix.B}{Impact of Hyper-parameters}{}% 19
\BOOKMARK [1][-]{appendix.C}{Results with Fine-tuning the Output Layer}{}% 20
\BOOKMARK [1][-]{appendix.D}{Results on SuperGLUE}{}% 21
\BOOKMARK [1][-]{appendix.E}{Impact of Model Size}{}% 22
