\BOOKMARK [1][-]{section.1}{Experimental setup and methods}{}% 1
\BOOKMARK [2][-]{subsection.1.1}{Experimental setup}{section.1}% 2
\BOOKMARK [2][-]{subsection.1.2}{Behavior without coupling}{section.1}% 3
\BOOKMARK [2][-]{subsection.1.3}{Phase dynamics}{section.1}% 4
\BOOKMARK [1][-]{section.2}{Proof of emergent higher-order networks}{}% 5
\BOOKMARK [2][-]{subsection.2.1}{Preliminaries and results}{section.2}% 6
\BOOKMARK [2][-]{subsection.2.2}{A coordinate transformation}{section.2}% 7
\BOOKMARK [2][-]{subsection.2.3}{The first reduction}{section.2}% 8
\BOOKMARK [2][-]{subsection.2.4}{The second reduction}{section.2}% 9
\BOOKMARK [1][-]{section.3}{Anomalous synchronization on a 4-node ring}{}% 10
\BOOKMARK [2][-]{subsection.3.1}{Explanation of anomalous synchronization via normal form theory}{section.3}% 11
\BOOKMARK [1][-]{section.4}{Phase reduction for h = \(z2 + z\) barw and resonance 1 - 2,4 + 3 = 0}{}% 12
\BOOKMARK [1][-]{section.5}{Slow phase dynamics for h = \(z2 + z\) barw and resonance 1 - 2,4 + 3 = 0}{}% 13
\BOOKMARK [2][-]{subsection.5.1}{Emergent hypernetwork predicts data behaviour}{section.5}% 14
\BOOKMARK [1][-]{section.6}{Model recovery of a 3-path with coupling h = \(z2 + z\) barw and resonance 1 - 2 + 3 = 0}{}% 15
\BOOKMARK [2][-]{subsection.6.1}{Emergent network explanation}{section.6}% 16
\BOOKMARK [1][-]{section.7}{6 nodes network examples with h\(z,w\) = z barw}{}% 17
\BOOKMARK [1][-]{section.8}{Model recovery and normal form representation}{}% 18
\BOOKMARK [1][-]{section.9}{Emergent hypernetworks in an integrate-and-fire model}{}% 19
\BOOKMARK [1][-]{section.10}{Mean field interaction}{}% 20
\BOOKMARK [2][-]{subsection.10.1}{Frequency shifts}{section.10}% 21
\BOOKMARK [2][-]{subsection.10.2}{Model Recovery}{section.10}% 22
\BOOKMARK [2][-]{subsection.10.3}{Normal Form Calculations}{section.10}% 23
