\BOOKMARK [1][-]{section.1}{\376\377\000I\000n\000t\000r\000o\000d\000u\000c\000t\000i\000o\000n}{}% 1
\BOOKMARK [1][-]{section.2}{\376\377\000R\000e\000l\000a\000t\000e\000d\000\040\000W\000o\000r\000k\000\040\000a\000n\000d\000\040\000B\000a\000c\000k\000g\000r\000o\000u\000n\000d}{}% 2
\BOOKMARK [2][-]{subsection.2.1}{\376\377\000L\000e\000a\000r\000n\000i\000n\000g\000\040\000a\000n\000d\000\040\000F\000r\000e\000q\000u\000e\000n\000c\000y\000\040\000D\000o\000m\000a\000i\000n\000:\000\040\000A\000\040\000S\000h\000o\000r\000t\000\040\000H\000i\000s\000t\000o\000r\000y}{section.2}% 3
\BOOKMARK [2][-]{subsection.2.2}{\376\377\000L\000e\000a\000r\000n\000i\000n\000g\000\040\000t\000o\000\040\000S\000o\000l\000v\000e\000\040\000D\000i\000f\000f\000e\000r\000e\000n\000t\000i\000a\000l\000\040\000E\000q\000u\000a\000t\000i\000o\000n\000s}{section.2}% 4
\BOOKMARK [2][-]{subsection.2.3}{\376\377\000F\000r\000e\000q\000u\000e\000n\000c\000y\000-\000D\000o\000m\000a\000i\000n\000\040\000M\000o\000d\000e\000l\000s}{section.2}% 5
\BOOKMARK [1][-]{section.3}{\376\377\000T\000r\000a\000n\000s\000f\000o\000r\000m\000\040\000O\000n\000c\000e\000:\000\040\000T\000h\000e\000\040\000T\0001\000\040\000R\000e\000c\000i\000p\000e}{}% 6
\BOOKMARK [2][-]{subsection.3.1}{\376\377\000R\000e\000d\000u\000c\000e\000d\000-\000O\000r\000d\000e\000r\000\040\000T\0001\000\040\000M\000o\000d\000e\000l\000\040\000a\000n\000d\000\040\000I\000r\000r\000e\000d\000u\000c\000i\000b\000l\000e\000\040\000L\000o\000s\000s\000\040\000B\000o\000u\000n\000d}{section.3}% 7
\BOOKMARK [2][-]{subsection.3.2}{\376\377\000W\000e\000i\000g\000h\000t\000\040\000I\000n\000i\000t\000i\000a\000l\000i\000z\000a\000t\000i\000o\000n\000\040\000f\000o\000r\000\040\000R\000e\000d\000u\000c\000e\000d\000-\000O\000r\000d\000e\000r\000\040\000F\000D\000M\000s}{section.3}% 8
\BOOKMARK [1][-]{section.4}{\376\377\000E\000x\000p\000e\000r\000i\000m\000e\000n\000t\000s}{}% 9
\BOOKMARK [2][-]{subsection.4.1}{\376\377\000I\000n\000c\000o\000m\000p\000r\000e\000s\000s\000i\000b\000l\000e\000\040\000N\000a\000v\000i\000e\000r\000-\000S\000t\000o\000k\000e\000s}{section.4}% 10
\BOOKMARK [3][-]{subsubsection.4.1.1}{\376\377\000A\000b\000l\000a\000t\000i\000o\000n\000s\000\040\000o\000n\000\040\000w\000e\000i\000g\000h\000t\000\040\000s\000c\000h\000e\000m\000e\000\040\000a\000n\000d\000\040\000a\000r\000c\000h\000i\000t\000e\000c\000t\000u\000r\000e}{subsection.4.1}% 11
\BOOKMARK [3][-]{subsubsection.4.1.2}{\376\377\000S\000c\000a\000l\000i\000n\000g\000\040\000l\000a\000w\000s}{subsection.4.1}% 12
\BOOKMARK [2][-]{subsection.4.2}{\376\377\000F\000l\000o\000w\000\040\000A\000r\000o\000u\000n\000d\000\040\000A\000i\000r\000f\000o\000i\000l\000s}{section.4}% 13
\BOOKMARK [2][-]{subsection.4.3}{\376\377\000T\000u\000r\000b\000u\000l\000e\000n\000t\000\040\000S\000m\000o\000k\000e}{section.4}% 14
\BOOKMARK [1][-]{section.5}{\376\377\000C\000o\000n\000c\000l\000u\000s\000i\000o\000n}{}% 15
\BOOKMARK [1][-]{section*.2}{}{}% 16
\BOOKMARK [0][-]{part.1}{\376\377\000\040}{}% 17
\BOOKMARK [1][-]{appendix.A}{\376\377\000P\000r\000o\000o\000f\000\040\000o\000f\000\040\000T\000h\000e\000o\000r\000e\000m\000\040\0003\000.\0002}{part.1}% 18
\BOOKMARK [2][-]{subsection.A.1}{\376\377\000P\000r\000e\000l\000i\000m\000i\000n\000a\000r\000y\000\040\000L\000e\000m\000m\000a\000s}{appendix.A}% 19
\BOOKMARK [2][-]{subsection.A.2}{\376\377\000P\000r\000o\000o\000f\000\040\000o\000f\000\040\000M\000a\000i\000n\000\040\000R\000e\000s\000u\000l\000t}{appendix.A}% 20
\BOOKMARK [1][-]{appendix.B}{\376\377\000A\000d\000d\000i\000t\000i\000o\000n\000a\000l\000\040\000D\000e\000t\000a\000i\000l\000s}{part.1}% 21
\BOOKMARK [2][-]{subsection.B.1}{\376\377\000I\000n\000c\000o\000m\000p\000r\000e\000s\000s\000i\000b\000l\000e\000\040\000N\000a\000v\000i\000e\000r\040\023\000S\000t\000o\000k\000e\000s}{appendix.B}% 22
\BOOKMARK [2][-]{subsection.B.2}{\376\377\000F\000l\000o\000w\000\040\000A\000r\000o\000u\000n\000d\000\040\000A\000i\000r\000f\000o\000i\000l\000s}{appendix.B}% 23
\BOOKMARK [2][-]{subsection.B.3}{\376\377\000T\000u\000r\000b\000u\000l\000e\000n\000t\000\040\000S\000m\000o\000k\000e}{appendix.B}% 24
\BOOKMARK [1][-]{appendix.C}{\376\377\000P\000r\000o\000p\000e\000r\000t\000i\000e\000s\000\040\000o\000f\000\040\000F\000r\000e\000q\000u\000e\000n\000c\000y\000\040\000D\000o\000m\000a\000i\000n\000\040\000M\000o\000d\000e\000l\000s}{part.1}% 25
\BOOKMARK [2][-]{subsection.C.1}{\376\377\000P\000r\000e\000l\000i\000m\000i\000n\000a\000r\000y\000\040\000R\000e\000s\000u\000l\000t\000s}{appendix.C}% 26
\BOOKMARK [2][-]{subsection.C.2}{\376\377\000S\000t\000a\000t\000i\000s\000t\000i\000c\000s\000\040\000U\000n\000d\000e\000r\000\040\000F\000o\000u\000r\000i\000e\000r\000\040\000T\000r\000a\000n\000s\000f\000o\000r\000m}{appendix.C}% 27
